[31merror[39m: Error obteniendo datos de Binance para BTC-USDT:
[31merror[39m: Error obteniendo datos de Binance para ETH-USDT:
[31merror[39m: Error obteniendo datos de Binance para ETH-BTC:
[31merror[39m: Error obteniendo datos de Binance para BNB-USDT:
[31merror[39m: Error obteniendo datos de Binance para XRP-USDT:
[31merror[39m: Error obteniendo datos de Binance para SOL-USDT:
[31merror[39m: Error obteniendo datos de Binance para BTC-USDT:
[31merror[39m: Error obteniendo datos de Binance para ETH-USDT:
[31merror[39m: Error obteniendo datos de Binance para ETH-BTC:
[31merror[39m: Error obteniendo datos de Binance para BNB-USDT:
[31merror[39m: Error obteniendo datos de Binance para XRP-USDT:
[31merror[39m: Error obteniendo datos de Binance para SOL-USDT:
[31merror[39m: Error obteniendo datos de Binance para BTC-USDT:
[31merror[39m: Error obteniendo datos de Binance para ETH-USDT:
[31merror[39m: Error obteniendo datos de Binance para ETH-BTC:
[31merror[39m: Error obteniendo datos de Binance para BNB-USDT:
[31merror[39m: Error obteniendo datos de Binance para XRP-USDT:
[31merror[39m: Error obteniendo datos de Binance para SOL-USDT:
[31merror[39m: Error obteniendo datos de Binance para BTC-USDT:
[31merror[39m: Error obteniendo datos de Binance para ETH-USDT:
[31merror[39m: Error obteniendo datos de Binance para ETH-BTC:
[31merror[39m: Error obteniendo datos de Binance para BNB-USDT:
[31merror[39m: Error obteniendo datos de Binance para XRP-USDT:
[31merror[39m: Error obteniendo datos de Binance para SOL-USDT:
[31merror[39m: Error obteniendo datos de Binance para BTC-USDT:
[31merror[39m: Error obteniendo datos de Binance para ETH-USDT:
[31merror[39m: Error obteniendo datos de Binance para ETH-BTC:
[31merror[39m: Error obteniendo datos de Binance para BNB-USDT:
[31merror[39m: Error obteniendo datos de Binance para XRP-USDT:
[31merror[39m: Error obteniendo datos de Binance para SOL-USDT:
[31merror[39m: Error obteniendo datos de Binance para BTC-USDT:
[31merror[39m: Error obteniendo datos de Binance para ETH-USDT:
[31merror[39m: Error obteniendo datos de Binance para ETH-BTC:
[31merror[39m: Error obteniendo datos de Binance para BNB-USDT:
[31merror[39m: Error obteniendo datos de Binance para XRP-USDT:
[31merror[39m: Error obteniendo datos de Binance para SOL-USDT:
[31merror[39m: Error obteniendo datos de Binance para BTC-USDT:
[31merror[39m: Error obteniendo datos de Binance para ETH-USDT:
[31merror[39m: Error obteniendo datos de Binance para ETH-BTC:
[31merror[39m: Error obteniendo datos de Binance para BNB-USDT:
[31merror[39m: Error obteniendo datos de Binance para XRP-USDT:
[31merror[39m: Error obteniendo datos de Binance para SOL-USDT:
[31merror[39m: Error obteniendo datos de Binance para BTC-USDT:
[31merror[39m: Error obteniendo datos de Binance para ETH-USDT:
[31merror[39m: Error obteniendo datos de Binance para ETH-BTC:
[31merror[39m: Error obteniendo datos de Binance para BNB-USDT:
[31merror[39m: Error obteniendo datos de Binance para XRP-USDT:
[31merror[39m: Error obteniendo datos de Binance para SOL-USDT:
[31merror[39m: Error obteniendo datos de Binance para BTC-USDT:
[31merror[39m: Error obteniendo datos de Binance para ETH-USDT:
[31merror[39m: Error obteniendo datos de Binance para ETH-BTC:
[31merror[39m: Error obteniendo datos de Binance para BNB-USDT:
[31merror[39m: Error obteniendo datos de Binance para XRP-USDT:
[31merror[39m: Error obteniendo datos de Binance para SOL-USDT:
[31merror[39m: Error obteniendo datos de Binance para BTC-USDT:
[31merror[39m: Error obteniendo datos de Binance para ETH-USDT:
[31merror[39m: Error obteniendo datos de Binance para ETH-BTC:
[31merror[39m: Error obteniendo datos de Binance para BNB-USDT:
[31merror[39m: Error obteniendo datos de Binance para XRP-USDT:
[31merror[39m: Error obteniendo datos de Binance para SOL-USDT:
[31merror[39m: Error obteniendo datos de Binance para BTC-USDT:
[31merror[39m: Error obteniendo datos de Binance para ETH-USDT:
[31merror[39m: Error obteniendo datos de Binance para ETH-BTC:
[31merror[39m: Error obteniendo datos de Binance para BNB-USDT:
[31merror[39m: Error obteniendo datos de Binance para XRP-USDT:
[31merror[39m: Error obteniendo datos de Binance para SOL-USDT:
[31merror[39m: Error obteniendo datos de Binance para BTC-USDT:
[31merror[39m: Error obteniendo datos de Binance para ETH-USDT:
[31merror[39m: Error obteniendo datos de Binance para ETH-BTC:
[31merror[39m: Error obteniendo datos de Binance para BNB-USDT:
[31merror[39m: Error obteniendo datos de Binance para XRP-USDT:
[31merror[39m: Error obteniendo datos de Binance para SOL-USDT:
[31merror[39m: Error obteniendo datos de Binance para BTC-USDT:
[31merror[39m: Error obteniendo datos de Binance para ETH-USDT:
[31merror[39m: Error obteniendo datos de Binance para ETH-BTC:
[31merror[39m: Error obteniendo datos de Binance para BNB-USDT:
[31merror[39m: Error obteniendo datos de Binance para XRP-USDT:
[31merror[39m: Error obteniendo datos de Binance para SOL-USDT:
[31merror[39m: Error obteniendo datos de Binance para BTC-USDT:
[31merror[39m: Error obteniendo datos de Binance para ETH-USDT:
[31merror[39m: Error obteniendo datos de Binance para ETH-BTC:
[31merror[39m: Error obteniendo datos de Binance para BNB-USDT:
[31merror[39m: Error obteniendo datos de Binance para XRP-USDT:
[31merror[39m: Error obteniendo datos de Binance para SOL-USDT:
[31merror[39m: Error obteniendo datos de Binance para BTC-USDT:
[31merror[39m: Error obteniendo datos de Binance para ETH-USDT:
[31merror[39m: Error obteniendo datos de Binance para ETH-BTC:
[31merror[39m: Error obteniendo datos de Binance para BNB-USDT:
[31merror[39m: Error obteniendo datos de Binance para XRP-USDT:
[31merror[39m: Error obteniendo datos de Binance para SOL-USDT:
[31merror[39m: Error obteniendo datos de Binance para BTC-USDT:
[31merror[39m: Error obteniendo datos de Binance para ETH-USDT:
[31merror[39m: Error obteniendo datos de Binance para ETH-BTC:
[31merror[39m: Error obteniendo datos de Binance para BNB-USDT:
[31merror[39m: Error obteniendo datos de Binance para XRP-USDT:
[31merror[39m: Error obteniendo datos de Binance para SOL-USDT:
[31merror[39m: Error obteniendo datos de Binance para BTC-USDT:
[31merror[39m: Error obteniendo datos de Binance para ETH-USDT:
[31merror[39m: Error obteniendo datos de Binance para ETH-BTC:
[31merror[39m: Error obteniendo datos de Binance para BNB-USDT:
[31merror[39m: Error obteniendo datos de Binance para XRP-USDT:
[31merror[39m: Error obteniendo datos de Binance para SOL-USDT:
[31merror[39m: Error obteniendo datos de Binance para BTC-USDT:
[31merror[39m: Error obteniendo datos de Binance para ETH-USDT:
[31merror[39m: Error obteniendo datos de Binance para ETH-BTC:
[31merror[39m: Error obteniendo datos de Binance para BNB-USDT:
[31merror[39m: Error obteniendo datos de Binance para XRP-USDT:
[31merror[39m: Error obteniendo datos de Binance para SOL-USDT:
[31merror[39m: Error obteniendo datos de Binance para BTC-USDT:
[31merror[39m: Error obteniendo datos de Binance para ETH-USDT:
[31merror[39m: Error obteniendo datos de Binance para ETH-BTC:
[31merror[39m: Error obteniendo datos de Binance para BNB-USDT:
[31merror[39m: Error obteniendo datos de Binance para XRP-USDT:
[31merror[39m: Error obteniendo datos de Binance para SOL-USDT:
[31merror[39m: Error obteniendo datos de Binance para BTC-USDT:
[31merror[39m: Error obteniendo datos de Binance para ETH-USDT:
[31merror[39m: Error obteniendo datos de Binance para ETH-BTC:
[31merror[39m: Error obteniendo datos de Binance para BNB-USDT:
[31merror[39m: Error obteniendo datos de Binance para XRP-USDT:
[31merror[39m: Error obteniendo datos de Binance para SOL-USDT:
[31merror[39m: Error obteniendo datos de Binance para BTC-USDT:
[31merror[39m: Error obteniendo datos de Binance para ETH-USDT:
[31merror[39m: Error obteniendo datos de Binance para ETH-BTC:
[31merror[39m: Error obteniendo datos de Binance para BNB-USDT:
[31merror[39m: Error obteniendo datos de Binance para XRP-USDT:
[31merror[39m: Error obteniendo datos de Binance para SOL-USDT:
[31merror[39m: Error obteniendo datos de Binance para BTC-USDT:
[31merror[39m: Error obteniendo datos de Binance para ETH-USDT:
[31merror[39m: Error obteniendo datos de Binance para ETH-BTC:
[31merror[39m: Error obteniendo datos de Binance para BNB-USDT:
[31merror[39m: Error obteniendo datos de Binance para XRP-USDT:
[31merror[39m: Error obteniendo datos de Binance para SOL-USDT:
[31merror[39m: Error obteniendo datos de Binance para BTC-USDT:
[31merror[39m: Error obteniendo datos de Binance para ETH-USDT:
[31merror[39m: Error obteniendo datos de Binance para ETH-BTC:
[31merror[39m: Error obteniendo datos de Binance para BNB-USDT:
[31merror[39m: Error obteniendo datos de Binance para XRP-USDT:
[31merror[39m: Error obteniendo datos de Binance para SOL-USDT:
[31merror[39m: Error obteniendo datos de Binance para BTC-USDT:
[31merror[39m: Error obteniendo datos de Binance para ETH-USDT:
[31merror[39m: Error obteniendo datos de Binance para ETH-BTC:
[31merror[39m: Error obteniendo datos de Binance para BNB-USDT:
[31merror[39m: Error obteniendo datos de Binance para XRP-USDT:
[31merror[39m: Error obteniendo datos de Binance para SOL-USDT:
[31merror[39m: Error obteniendo datos de Binance para BTC-USDT:
[31merror[39m: Error obteniendo datos de Binance para ETH-USDT:
[31merror[39m: Error obteniendo datos de Binance para ETH-BTC:
[31merror[39m: Error obteniendo datos de Binance para BNB-USDT:
[31merror[39m: Error obteniendo datos de Binance para XRP-USDT:
[31merror[39m: Error obteniendo datos de Binance para SOL-USDT:
[31merror[39m: Error obteniendo datos de Binance para BTC-USDT:
[31merror[39m: Error obteniendo datos de Binance para ETH-USDT:
[31merror[39m: Error obteniendo datos de Binance para ETH-BTC:
[31merror[39m: Error obteniendo datos de Binance para BNB-USDT:
[31merror[39m: Error obteniendo datos de Binance para XRP-USDT:
[31merror[39m: Error obteniendo datos de Binance para SOL-USDT:
[31merror[39m: Error obteniendo datos de Binance para BTC-USDT:
[31merror[39m: Error obteniendo datos de Binance para ETH-USDT:
[31merror[39m: Error obteniendo datos de Binance para ETH-BTC:
[31merror[39m: Error obteniendo datos de Binance para BNB-USDT:
[31merror[39m: Error obteniendo datos de Binance para XRP-USDT:
[31merror[39m: Error obteniendo datos de Binance para SOL-USDT:
[31merror[39m: Error obteniendo datos de Binance para BTC-USDT:
[31merror[39m: Error obteniendo datos de Binance para ETH-USDT:
[31merror[39m: Error obteniendo datos de Binance para ETH-BTC:
[31merror[39m: Error obteniendo datos de Binance para BNB-USDT:
[31merror[39m: Error obteniendo datos de Binance para XRP-USDT:
[31merror[39m: Error obteniendo datos de Binance para SOL-USDT:
[31merror[39m: Error obteniendo datos de Binance para BTC-USDT:
[31merror[39m: Error obteniendo datos de Binance para ETH-USDT:
[31merror[39m: Error obteniendo datos de Binance para ETH-BTC:
[31merror[39m: Error obteniendo datos de Binance para BNB-USDT:
[31merror[39m: Error obteniendo datos de Binance para XRP-USDT:
[31merror[39m: Error obteniendo datos de Binance para SOL-USDT:
[31merror[39m: Error obteniendo datos de Binance para BTC-USDT:
[31merror[39m: Error obteniendo datos de Binance para ETH-USDT:
[31merror[39m: Error obteniendo datos de Binance para ETH-BTC:
[31merror[39m: Error obteniendo datos de Binance para BNB-USDT:
[31merror[39m: Error obteniendo datos de Binance para XRP-USDT:
[31merror[39m: Error obteniendo datos de Binance para SOL-USDT:
[31merror[39m: Error obteniendo datos de Binance para BTC-USDT:
[31merror[39m: Error obteniendo datos de Binance para ETH-USDT:
[31merror[39m: Error obteniendo datos de Binance para ETH-BTC:
[31merror[39m: Error obteniendo datos de Binance para BNB-USDT:
[31merror[39m: Error obteniendo datos de Binance para XRP-USDT:
[31merror[39m: Error obteniendo datos de Binance para SOL-USDT:
[31merror[39m: Error obteniendo datos de Binance para BTC-USDT:
[31merror[39m: Error obteniendo datos de Binance para ETH-USDT:
[31merror[39m: Error obteniendo datos de Binance para ETH-BTC:
[31merror[39m: Error obteniendo datos de Binance para BNB-USDT:
[31merror[39m: Error obteniendo datos de Binance para XRP-USDT:
[31merror[39m: Error obteniendo datos de Binance para SOL-USDT:
[31merror[39m: Error obteniendo datos de Binance para BTC-USDT:
[31merror[39m: Error obteniendo datos de Binance para ETH-USDT:
[31merror[39m: Error obteniendo datos de Binance para ETH-BTC:
[31merror[39m: Error obteniendo datos de Binance para BNB-USDT:
[31merror[39m: Error obteniendo datos de Binance para XRP-USDT:
[31merror[39m: Error obteniendo datos de Binance para SOL-USDT:
[31merror[39m: Error obteniendo datos de Binance para BTC-USDT:
[31merror[39m: Error obteniendo datos de Binance para ETH-USDT:
[31merror[39m: Error obteniendo datos de Binance para ETH-BTC:
[31merror[39m: Error obteniendo datos de Binance para BNB-USDT:
[31merror[39m: Error obteniendo datos de Binance para XRP-USDT:
[31merror[39m: Error obteniendo datos de Binance para SOL-USDT:
[31merror[39m: Error obteniendo datos de Binance para BTC-USDT:
[31merror[39m: Error obteniendo datos de Binance para ETH-USDT:
[31merror[39m: Error obteniendo datos de Binance para ETH-BTC:
[31merror[39m: Error obteniendo datos de Binance para BNB-USDT:
[31merror[39m: Error obteniendo datos de Binance para XRP-USDT:
[31merror[39m: Error obteniendo datos de Binance para SOL-USDT:
[31merror[39m: Error obteniendo datos de Binance para BTC-USDT:
[31merror[39m: Error obteniendo datos de Binance para ETH-USDT:
[31merror[39m: Error obteniendo datos de Binance para ETH-BTC:
[31merror[39m: Error obteniendo datos de Binance para BNB-USDT:
[31merror[39m: Error obteniendo datos de Binance para XRP-USDT:
[31merror[39m: Error obteniendo datos de Binance para SOL-USDT:
[31merror[39m: Error obteniendo datos de Binance para BTC-USDT:
[31merror[39m: Error obteniendo datos de Binance para ETH-USDT:
[31merror[39m: Error obteniendo datos de Binance para ETH-BTC:
[31merror[39m: Error obteniendo datos de Binance para BNB-USDT:
[31merror[39m: Error obteniendo datos de Binance para XRP-USDT:
[31merror[39m: Error obteniendo datos de Binance para SOL-USDT:
[31merror[39m: Error obteniendo datos de Binance para BTC-USDT:
[31merror[39m: Error obteniendo datos de Binance para ETH-USDT:
[31merror[39m: Error obteniendo datos de Binance para ETH-BTC:
[31merror[39m: Error obteniendo datos de Binance para BNB-USDT:
[31merror[39m: Error obteniendo datos de Binance para XRP-USDT:
[31merror[39m: Error obteniendo datos de Binance para SOL-USDT:
[31merror[39m: Error obteniendo datos de Binance para BTC-USDT:
[31merror[39m: Error obteniendo datos de Binance para ETH-USDT:
[31merror[39m: Error obteniendo datos de Binance para ETH-BTC:
[31merror[39m: Error obteniendo datos de Binance para BNB-USDT:
[31merror[39m: Error obteniendo datos de Binance para XRP-USDT:
[31merror[39m: Error obteniendo datos de Binance para SOL-USDT:
[31merror[39m: 
❌ Error en la obtención de pares:
[31merror[39m:    Mensaje: Cannot read properties of undefined (reading 'toUpperCase')
[31merror[39m: Error generando rutas: Cannot read properties of undefined (reading 'forEach') {"stack":"TypeError: Cannot read properties of undefined (reading 'forEach')\n    at C:\\Users\\lenovo\\Documents\\triangular-arbitrage-v1\\generateTriangularRoutes.js:39:37\n    at Array.forEach (<anonymous>)\n    at C:\\Users\\lenovo\\Documents\\triangular-arbitrage-v1\\generateTriangularRoutes.js:36:40\n    at Array.forEach (<anonymous>)\n    at generateTriangularRoutes (C:\\Users\\lenovo\\Documents\\triangular-arbitrage-v1\\generateTriangularRoutes.js:35:32)\n    at Object.<anonymous> (C:\\Users\\lenovo\\Documents\\triangular-arbitrage-v1\\generateTriangularRoutes.js:82:1)\n    at Module._compile (node:internal/modules/cjs/loader:1469:14)\n    at Module._extensions..js (node:internal/modules/cjs/loader:1548:10)\n    at Module.load (node:internal/modules/cjs/loader:1288:32)\n    at Module._load (node:internal/modules/cjs/loader:1104:12)"}
[31merror[39m: Error generando rutas: meetsMinimumRequirements is not defined {"stack":"ReferenceError: meetsMinimumRequirements is not defined\n    at C:\\Users\\lenovo\\Documents\\triangular-arbitrage-v1\\generateTriangularRoutes.js:57:17\n    at Array.forEach (<anonymous>)\n    at generateTriangularRoutes (C:\\Users\\lenovo\\Documents\\triangular-arbitrage-v1\\generateTriangularRoutes.js:44:15)\n    at process.processTicksAndRejections (node:internal/process/task_queues:95:5)"}
[31merror[39m: Error en el proceso: routes is not defined {"stack":"ReferenceError: routes is not defined\n    at main (C:\\Users\\lenovo\\Documents\\triangular-arbitrage-v1\\generateTriangularRoutes.js:125:26)\n    at process.processTicksAndRejections (node:internal/process/task_queues:95:5)"}
[31merror[39m: Error en el proceso: routes is not defined {"stack":"ReferenceError: routes is not defined\n    at main (C:\\Users\\lenovo\\Documents\\triangular-arbitrage-v1\\generateTriangularRoutes.js:19:29)\n    at Object.<anonymous> (C:\\Users\\lenovo\\Documents\\triangular-arbitrage-v1\\generateTriangularRoutes.js:155:1)\n    at Module._compile (node:internal/modules/cjs/loader:1469:14)\n    at Module._extensions..js (node:internal/modules/cjs/loader:1548:10)\n    at Module.load (node:internal/modules/cjs/loader:1288:32)\n    at Module._load (node:internal/modules/cjs/loader:1104:12)\n    at Function.executeUserEntryPoint [as runMain] (node:internal/modules/run_main:174:12)\n    at node:internal/main/run_main_module:28:49"}
[31merror[39m: Error en el proceso:
[31merror[39m: Error obteniendo datos de Binance:
[31merror[39m: Error obteniendo datos de Binance:
[31merror[39m: Error obteniendo datos de Binance:
[31merror[39m: Error en iteración 1:
[31merror[39m: Error en iteración 2:
[31merror[39m: Error en iteración 3:
[31merror[39m: Error en iteración 4:
[31merror[39m: Error en iteración 5:
[31merror[39m: Error obteniendo datos:
[31merror[39m: Error en proceso principal: Request failed with status code 400 {"code":"ERR_BAD_REQUEST","config":{"adapter":["xhr","http","fetch"],"env":{},"headers":{"Accept":"application/json, text/plain, */*","Accept-Encoding":"gzip, compress, deflate, br","Cache-Control":"no-cache","Pragma":"no-cache","User-Agent":"axios/1.7.7"},"maxBodyLength":-1,"maxContentLength":-1,"method":"get","params":{"timestamp":1730570063787},"timeout":0,"transformRequest":[null],"transformResponse":[null],"transitional":{"clarifyTimeoutError":false,"forcedJSONParsing":true,"silentJSONParsing":true},"url":"https://api.binance.com/api/v3/ticker/24hr","xsrfCookieName":"XSRF-TOKEN","xsrfHeaderName":"X-XSRF-TOKEN"},"name":"AxiosError","request":{"_closed":true,"_contentLength":0,"_defaultKeepAlive":true,"_ended":true,"_events":{},"_eventsCount":7,"_hasBody":true,"_header":"GET /api/v3/ticker/24hr?timestamp=1730570063787 HTTP/1.1\r\nAccept: application/json, text/plain, */*\r\nCache-Control: no-cache\r\nPragma: no-cache\r\nUser-Agent: axios/1.7.7\r\nAccept-Encoding: gzip, compress, deflate, br\r\nHost: api.binance.com\r\nConnection: keep-alive\r\n\r\n","_headerSent":true,"_keepAliveTimeout":0,"_last":true,"_redirectable":{"_currentRequest":"[Circular]","_currentUrl":"https://api.binance.com/api/v3/ticker/24hr?timestamp=1730570063787","_ended":true,"_ending":true,"_events":{},"_eventsCount":3,"_options":{"agents":{},"beforeRedirects":{},"headers":{"Accept":"application/json, text/plain, */*","Accept-Encoding":"gzip, compress, deflate, br","Cache-Control":"no-cache","Pragma":"no-cache","User-Agent":"axios/1.7.7"},"hostname":"api.binance.com","maxBodyLength":null,"maxRedirects":21,"method":"GET","nativeProtocols":{"http:":{"METHODS":["ACL","BIND","CHECKOUT","CONNECT","COPY","DELETE","GET","HEAD","LINK","LOCK","M-SEARCH","MERGE","MKACTIVITY","MKCALENDAR","MKCOL","MOVE","NOTIFY","OPTIONS","PATCH","POST","PROPFIND","PROPPATCH","PURGE","PUT","REBIND","REPORT","SEARCH","SOURCE","SUBSCRIBE","TRACE","UNBIND","UNLINK","UNLOCK","UNSUBSCRIBE"],"STATUS_CODES":{"100":"Continue","101":"Switching Protocols","102":"Processing","103":"Early Hints","200":"OK","201":"Created","202":"Accepted","203":"Non-Authoritative Information","204":"No Content","205":"Reset Content","206":"Partial Content","207":"Multi-Status","208":"Already Reported","226":"IM Used","300":"Multiple Choices","301":"Moved Permanently","302":"Found","303":"See Other","304":"Not Modified","305":"Use Proxy","307":"Temporary Redirect","308":"Permanent Redirect","400":"Bad Request","401":"Unauthorized","402":"Payment Required","403":"Forbidden","404":"Not Found","405":"Method Not Allowed","406":"Not Acceptable","407":"Proxy Authentication Required","408":"Request Timeout","409":"Conflict","410":"Gone","411":"Length Required","412":"Precondition Failed","413":"Payload Too Large","414":"URI Too Long","415":"Unsupported Media Type","416":"Range Not Satisfiable","417":"Expectation Failed","418":"I'm a Teapot","421":"Misdirected Request","422":"Unprocessable Entity","423":"Locked","424":"Failed Dependency","425":"Too Early","426":"Upgrade Required","428":"Precondition Required","429":"Too Many Requests","431":"Request Header Fields Too Large","451":"Unavailable For Legal Reasons","500":"Internal Server Error","501":"Not Implemented","502":"Bad Gateway","503":"Service Unavailable","504":"Gateway Timeout","505":"HTTP Version Not Supported","506":"Variant Also Negotiates","507":"Insufficient Storage","508":"Loop Detected","509":"Bandwidth Limit Exceeded","510":"Not Extended","511":"Network Authentication Required"},"globalAgent":{"_events":{},"_eventsCount":2,"defaultPort":80,"freeSockets":{},"keepAlive":true,"keepAliveMsecs":1000,"maxFreeSockets":256,"maxSockets":null,"maxTotalSockets":null,"options":{"keepAlive":true,"noDelay":true,"path":null,"scheduling":"lifo","timeout":5000},"protocol":"http:","requests":{},"scheduling":"lifo","sockets":{},"totalSocketCount":0},"maxHeaderSize":16384},"https:":{"globalAgent":{"_events":{},"_eventsCount":2,"_sessionCache":{"list":["api.binance.com:443:::::::::::::::::::::"],"map":{"api.binance.com:443:::::::::::::::::::::":{"data":[48,130,7,106,2,1,1,2,2,3,4,4,2,19,1,4,32,98,131,6,114,102,207,70,221,9,36,193,110,201,102,126,78,105,147,40,162,40,60,118,175,205,132,157,99,253,50,68,36,4,32,164,228,29,45,190,133,210,50,37,120,238,152,42,47,50,233,100,26,151,243,37,27,221,59,119,217,206,224,227,117,39,59,161,6,2,4,103,38,103,80,162,4,2,2,28,32,163,130,6,112,48,130,6,108,48,130,5,84,160,3,2,1,2,2,16,3,74,92,211,189,165,82,135,27,113,59,207,101,200,101,157,48,13,6,9,42,134,72,134,247,13,1,1,11,5,0,48,96,49,11,48,9,6,3,85,4,6,19,2,85,83,49,21,48,19,6,3,85,4,10,19,12,68,105,103,105,67,101,114,116,32,73,110,99,49,25,48,23,6,3,85,4,11,19,16,119,119,119,46,100,105,103,105,99,101,114,116,46,99,111,109,49,31,48,29,6,3,85,4,3,19,22,71,101,111,84,114,117,115,116,32,84,76,83,32,82,83,65,32,67,65,32,71,49,48,30,23,13,50,52,48,49,49,49,48,48,48,48,48,48,90,23,13,50,53,48,50,49,48,50,51,53,57,53,57,90,48,94,49,11,48,9,6,3,85,4,6,19,2,75,89,49,20,48,18,6,3,85,4,7,19,11,71,69,79,82,71,69,32,84,79,87,78,49,33,48,31,6,3,85,4,10,19,24,66,105,110,97,110,99,101,32,72,111,108,100,105,110,103,115,32,76,105,109,105,116,101,100,49,22,48,20,6,3,85,4,3,12,13,42,46,98,105,110,97,110,99,101,46,99,111,109,48,130,1,34,48,13,6,9,42,134,72,134,247,13,1,1,1,5,0,3,130,1,15,0,48,130,1,10,2,130,1,1,0,151,102,109,146,48,89,147,166,50,241,221,26,211,176,88,16,59,215,186,35,185,51,174,66,123,7,128,80,112,96,78,170,22,136,173,117,202,230,116,64,0,102,50,149,66,212,22,175,15,201,232,50,148,80,50,92,36,109,235,0,91,112,121,240,63,133,169,97,219,190,120,198,227,244,100,89,29,100,215,225,174,170,192,101,223,164,210,80,254,231,19,106,169,89,75,216,129,92,111,207,80,151,193,88,165,118,107,76,210,157,212,184,200,16,106,232,79,27,113,213,247,104,253,15,20,197,62,150,128,244,212,166,217,207,159,123,11,55,242,83,145,225,207,138,154,147,185,124,67,252,72,241,240,85,245,128,23,45,135,23,153,138,131,189,213,203,119,199,206,214,165,191,219,0,90,236,151,59,74,93,88,251,70,156,141,202,146,97,72,44,0,88,151,165,32,158,249,116,180,145,218,21,55,135,62,250,254,252,201,122,26,111,7,17,166,209,0,59,250,110,124,219,133,70,244,158,88,188,189,244,159,158,125,56,99,103,109,73,75,201,29,5,81,160,176,140,134,5,195,222,154,21,10,169,56,75,2,3,1,0,1,163,130,3,34,48,130,3,30,48,31,6,3,85,29,35,4,24,48,22,128,20,148,79,212,93,139,228,164,226,166,128,254,253,216,249,0,239,163,190,2,87,48,29,6,3,85,29,14,4,22,4,20,137,198,216,212,219,246,241,43,127,180,115,88,171,124,85,234,128,97,239,25,48,37,6,3,85,29,17,4,30,48,28,130,13,42,46,98,105,110,97,110,99,101,46,99,111,109,130,11,98,105,110,97,110,99,101,46,99,111,109,48,62,6,3,85,29,32,4,55,48,53,48,51,6,6,103,129,12,1,2,2,48,41,48,39,6,8,43,6,1,5,5,7,2,1,22,27,104,116,116,112,58,47,47,119,119,119,46,100,105,103,105,99,101,114,116,46,99,111,109,47,67,80,83,48,14,6,3,85,29,15,1,1,255,4,4,3,2,5,160,48,29,6,3,85,29,37,4,22,48,20,6,8,43,6,1,5,5,7,3,1,6,8,43,6,1,5,5,7,3,2,48,63,6,3,85,29,31,4,56,48,54,48,52,160,50,160,48,134,46,104,116,116,112,58,47,47,99,100,112,46,103,101,111,116,114,117,115,116,46,99,111,109,47,71,101,111,84,114,117,115,116,84,76,83,82,83,65,67,65,71,49,46,99,114,108,48,118,6,8,43,6,1,5,5,7,1,1,4,106,48,104,48,38,6,8,43,6,1,5,5,7,48,1,134,26,104,116,116,112,58,47,47,115,116,97,116,117,115,46,103,101,111,116,114,117,115,116,46,99,111,109,48,62,6,8,43,6,1,5,5,7,48,2,134,50,104,116,116,112,58,47,47,99,97,99,101,114,116,115,46,103,101,111,116,114,117,115,116,46,99,111,109,47,71,101,111,84,114,117,115,116,84,76,83,82,83,65,67,65,71,49,46,99,114,116,48,12,6,3,85,29,19,1,1,255,4,2,48,0,48,130,1,125,6,10,43,6,1,4,1,214,121,2,4,2,4,130,1,109,4,130,1,105,1,103,0,118,0,78,117,163,39,92,154,16,195,56,91,108,212,223,63,82,235,29,240,224,142,27,141,105,192,177,250,100,177,98,154,57,223,0,0,1,140,248,245,51,48,0,0,4,3,0,71,48,69,2,33,0,238,178,232,241,214,167,179,55,68,32,252,13,93,88,174,50,244,53,76,15,243,150,143,68,19,4,238,164,170,207,26,203,2,32,17,88,16,24,150,111,246,106,8,125,133,165,7,195,123,136,15,12,201,65,157,164,155,53,166,11,43,238,27,162,192,178,0,118,0,125,89,30,18,225,120,42,123,28,97,103,124,94,253,248,208,135,92,20,160,78,149,158,185,3,47,217,14,140,46,121,184,0,0,1,140,248,245,51,107,0,0,4,3,0,71,48,69,2,33,0,217,190,227,208,170,61,238,250,142,113,220,41,126,234,137,209,75,6,172,145,115,107,245,10,122,255,186,224,100,46,170,98,2,32,5,205,2,126,37,5,89,90,134,109,44,37,183,241,154,240,155,20,246,118,208,67,21,193,204,36,33,43,53,97,13,111,0,117,0,230,210,49,99,64,119,140,193,16,65,6,215,113,185,206,193,210,64,246,150,132,134,251,186,135,50,29,253,30,55,142,80,0,0,1,140,248,245,51,155,0,0,4,3,0,70,48,68,2,32,78,138,124,238,19,171,106,206,70,230,66,171,21,209,233,104,37,209,44,131,137,151,97,11,191,182,217,39,139,164,195,32,2,32,39,75,128,90,198,144,97,200,68,193,182,190,25,213,43,109,203,182,126,58,131,221,183,82,11,238,64,99,97,11,155,124,48,13,6,9,42,134,72,134,247,13,1,1,11,5,0,3,130,1,1,0,184,129,71,49,191,128,107,111,79,14,96,29,204,186,136,200,59,181,187,47,29,0,190,165,57,22,97,9,126,226,212,39,237,213,111,9,212,237,254,60,238,206,190,244,37,175,161,56,214,90,98,178,119,217,28,207,110,41,121,168,203,137,138,226,196,162,177,157,199,115,155,127,153,82,194,153,183,170,88,123,133,247,219,58,179,217,231,92,198,132,187,37,213,179,200,8,22,227,27,58,30,8,204,224,161,77,109,28,6,43,180,14,27,134,9,3,160,195,119,238,30,178,157,208,97,227,6,101,176,183,191,42,151,123,44,134,228,41,236,243,22,145,211,197,101,92,65,249,176,112,119,41,176,105,36,109,239,231,173,226,98,251,25,84,221,18,59,64,235,45,89,28,239,196,216,165,10,222,108,20,198,246,104,29,36,1,6,173,6,248,42,14,109,237,183,134,165,132,68,240,141,156,27,114,91,137,66,196,169,133,132,50,218,148,94,225,87,152,76,103,134,196,114,170,86,225,61,59,212,71,186,125,2,166,141,158,55,174,210,102,156,204,37,213,233,58,95,233,194,162,200,249,190,232,136,250,164,2,4,0,166,17,4,15,97,112,105,46,98,105,110,97,110,99,101,46,99,111,109,169,5,2,3,1,81,128,170,107,4,105,49,55,51,48,53,51,52,51,53,50,48,48,48,0,0,0,26,176,99,68,18,212,247,102,199,89,116,68,132,44,238,237,35,21,180,60,154,169,138,110,48,88,200,22,230,199,20,44,18,69,65,196,128,218,106,39,209,211,127,36,34,255,78,155,188,112,219,33,249,168,58,145,183,91,255,235,196,246,35,93,126,157,4,92,19,143,125,3,255,181,117,89,205,252,162,14,225,232,54,60,192,227,137,136,128,174,7,2,5,0,157,178,178,251,179,3,2,1,29],"type":"Buffer"}}},"defaultPort":443,"freeSockets":{"api.binance.com:443:::::::::::::::::::::":[{"_SNICallback":null,"_closeAfterHandlingError":false,"_controlReleased":true,"_events":{"close":[null,null,null]},"_eventsCount":9,"_hadError":false,"_host":"api.binance.com","_httpMessage":null,"_newSessionPending":false,"_parent":null,"_pendingData":null,"_pendingEncoding":"","_readableState":{"awaitDrainWriters":null,"buffer":[],"bufferIndex":0,"highWaterMark":16384,"length":0,"pipes":[]},"_rejectUnauthorized":true,"_requestCert":true,"_secureEstablished":true,"_securePending":false,"_server":null,"_sockname":null,"_tlsOptions":{"isServer":false,"pipe":false,"rejectUnauthorized":true,"requestCert":true,"secureContext":{"context":{}}},"_writableState":{"bufferedIndex":0,"corked":0,"highWaterMark":16384,"length":0,"pendingcb":0,"writelen":0},"allowHalfOpen":false,"alpnProtocol":false,"authorizationError":null,"authorized":true,"connecting":false,"encrypted":true,"parser":null,"secureConnecting":false,"servername":"api.binance.com","ssl":{"_parent":{"onconnection":null,"reading":true},"_parentWrap":null,"_secureContext":{"context":{}},"reading":true},"timeout":5000}]},"keepAlive":true,"keepAliveMsecs":1000,"maxCachedSessions":100,"maxFreeSockets":256,"maxSockets":null,"maxTotalSockets":null,"options":{"keepAlive":true,"noDelay":true,"path":null,"scheduling":"lifo","timeout":5000},"protocol":"https:","requests":{},"scheduling":"lifo","sockets":{},"totalSocketCount":1}}},"path":"/api/v3/ticker/24hr?timestamp=1730570063787","pathname":"/api/v3/ticker/24hr","port":"","protocol":"https:","search":"?timestamp=1730570063787"},"_redirectCount":0,"_redirects":[],"_requestBodyBuffers":[],"_requestBodyLength":0,"_writableState":{"bufferedIndex":0,"corked":0,"highWaterMark":16384,"length":0,"pendingcb":0,"writelen":0}},"_removedConnection":false,"_removedContLen":false,"_removedTE":false,"_trailer":"","aborted":false,"agent":{"_events":{},"_eventsCount":2,"_sessionCache":{"list":["api.binance.com:443:::::::::::::::::::::"],"map":{"api.binance.com:443:::::::::::::::::::::":{"data":[48,130,7,106,2,1,1,2,2,3,4,4,2,19,1,4,32,98,131,6,114,102,207,70,221,9,36,193,110,201,102,126,78,105,147,40,162,40,60,118,175,205,132,157,99,253,50,68,36,4,32,164,228,29,45,190,133,210,50,37,120,238,152,42,47,50,233,100,26,151,243,37,27,221,59,119,217,206,224,227,117,39,59,161,6,2,4,103,38,103,80,162,4,2,2,28,32,163,130,6,112,48,130,6,108,48,130,5,84,160,3,2,1,2,2,16,3,74,92,211,189,165,82,135,27,113,59,207,101,200,101,157,48,13,6,9,42,134,72,134,247,13,1,1,11,5,0,48,96,49,11,48,9,6,3,85,4,6,19,2,85,83,49,21,48,19,6,3,85,4,10,19,12,68,105,103,105,67,101,114,116,32,73,110,99,49,25,48,23,6,3,85,4,11,19,16,119,119,119,46,100,105,103,105,99,101,114,116,46,99,111,109,49,31,48,29,6,3,85,4,3,19,22,71,101,111,84,114,117,115,116,32,84,76,83,32,82,83,65,32,67,65,32,71,49,48,30,23,13,50,52,48,49,49,49,48,48,48,48,48,48,90,23,13,50,53,48,50,49,48,50,51,53,57,53,57,90,48,94,49,11,48,9,6,3,85,4,6,19,2,75,89,49,20,48,18,6,3,85,4,7,19,11,71,69,79,82,71,69,32,84,79,87,78,49,33,48,31,6,3,85,4,10,19,24,66,105,110,97,110,99,101,32,72,111,108,100,105,110,103,115,32,76,105,109,105,116,101,100,49,22,48,20,6,3,85,4,3,12,13,42,46,98,105,110,97,110,99,101,46,99,111,109,48,130,1,34,48,13,6,9,42,134,72,134,247,13,1,1,1,5,0,3,130,1,15,0,48,130,1,10,2,130,1,1,0,151,102,109,146,48,89,147,166,50,241,221,26,211,176,88,16,59,215,186,35,185,51,174,66,123,7,128,80,112,96,78,170,22,136,173,117,202,230,116,64,0,102,50,149,66,212,22,175,15,201,232,50,148,80,50,92,36,109,235,0,91,112,121,240,63,133,169,97,219,190,120,198,227,244,100,89,29,100,215,225,174,170,192,101,223,164,210,80,254,231,19,106,169,89,75,216,129,92,111,207,80,151,193,88,165,118,107,76,210,157,212,184,200,16,106,232,79,27,113,213,247,104,253,15,20,197,62,150,128,244,212,166,217,207,159,123,11,55,242,83,145,225,207,138,154,147,185,124,67,252,72,241,240,85,245,128,23,45,135,23,153,138,131,189,213,203,119,199,206,214,165,191,219,0,90,236,151,59,74,93,88,251,70,156,141,202,146,97,72,44,0,88,151,165,32,158,249,116,180,145,218,21,55,135,62,250,254,252,201,122,26,111,7,17,166,209,0,59,250,110,124,219,133,70,244,158,88,188,189,244,159,158,125,56,99,103,109,73,75,201,29,5,81,160,176,140,134,5,195,222,154,21,10,169,56,75,2,3,1,0,1,163,130,3,34,48,130,3,30,48,31,6,3,85,29,35,4,24,48,22,128,20,148,79,212,93,139,228,164,226,166,128,254,253,216,249,0,239,163,190,2,87,48,29,6,3,85,29,14,4,22,4,20,137,198,216,212,219,246,241,43,127,180,115,88,171,124,85,234,128,97,239,25,48,37,6,3,85,29,17,4,30,48,28,130,13,42,46,98,105,110,97,110,99,101,46,99,111,109,130,11,98,105,110,97,110,99,101,46,99,111,109,48,62,6,3,85,29,32,4,55,48,53,48,51,6,6,103,129,12,1,2,2,48,41,48,39,6,8,43,6,1,5,5,7,2,1,22,27,104,116,116,112,58,47,47,119,119,119,46,100,105,103,105,99,101,114,116,46,99,111,109,47,67,80,83,48,14,6,3,85,29,15,1,1,255,4,4,3,2,5,160,48,29,6,3,85,29,37,4,22,48,20,6,8,43,6,1,5,5,7,3,1,6,8,43,6,1,5,5,7,3,2,48,63,6,3,85,29,31,4,56,48,54,48,52,160,50,160,48,134,46,104,116,116,112,58,47,47,99,100,112,46,103,101,111,116,114,117,115,116,46,99,111,109,47,71,101,111,84,114,117,115,116,84,76,83,82,83,65,67,65,71,49,46,99,114,108,48,118,6,8,43,6,1,5,5,7,1,1,4,106,48,104,48,38,6,8,43,6,1,5,5,7,48,1,134,26,104,116,116,112,58,47,47,115,116,97,116,117,115,46,103,101,111,116,114,117,115,116,46,99,111,109,48,62,6,8,43,6,1,5,5,7,48,2,134,50,104,116,116,112,58,47,47,99,97,99,101,114,116,115,46,103,101,111,116,114,117,115,116,46,99,111,109,47,71,101,111,84,114,117,115,116,84,76,83,82,83,65,67,65,71,49,46,99,114,116,48,12,6,3,85,29,19,1,1,255,4,2,48,0,48,130,1,125,6,10,43,6,1,4,1,214,121,2,4,2,4,130,1,109,4,130,1,105,1,103,0,118,0,78,117,163,39,92,154,16,195,56,91,108,212,223,63,82,235,29,240,224,142,27,141,105,192,177,250,100,177,98,154,57,223,0,0,1,140,248,245,51,48,0,0,4,3,0,71,48,69,2,33,0,238,178,232,241,214,167,179,55,68,32,252,13,93,88,174,50,244,53,76,15,243,150,143,68,19,4,238,164,170,207,26,203,2,32,17,88,16,24,150,111,246,106,8,125,133,165,7,195,123,136,15,12,201,65,157,164,155,53,166,11,43,238,27,162,192,178,0,118,0,125,89,30,18,225,120,42,123,28,97,103,124,94,253,248,208,135,92,20,160,78,149,158,185,3,47,217,14,140,46,121,184,0,0,1,140,248,245,51,107,0,0,4,3,0,71,48,69,2,33,0,217,190,227,208,170,61,238,250,142,113,220,41,126,234,137,209,75,6,172,145,115,107,245,10,122,255,186,224,100,46,170,98,2,32,5,205,2,126,37,5,89,90,134,109,44,37,183,241,154,240,155,20,246,118,208,67,21,193,204,36,33,43,53,97,13,111,0,117,0,230,210,49,99,64,119,140,193,16,65,6,215,113,185,206,193,210,64,246,150,132,134,251,186,135,50,29,253,30,55,142,80,0,0,1,140,248,245,51,155,0,0,4,3,0,70,48,68,2,32,78,138,124,238,19,171,106,206,70,230,66,171,21,209,233,104,37,209,44,131,137,151,97,11,191,182,217,39,139,164,195,32,2,32,39,75,128,90,198,144,97,200,68,193,182,190,25,213,43,109,203,182,126,58,131,221,183,82,11,238,64,99,97,11,155,124,48,13,6,9,42,134,72,134,247,13,1,1,11,5,0,3,130,1,1,0,184,129,71,49,191,128,107,111,79,14,96,29,204,186,136,200,59,181,187,47,29,0,190,165,57,22,97,9,126,226,212,39,237,213,111,9,212,237,254,60,238,206,190,244,37,175,161,56,214,90,98,178,119,217,28,207,110,41,121,168,203,137,138,226,196,162,177,157,199,115,155,127,153,82,194,153,183,170,88,123,133,247,219,58,179,217,231,92,198,132,187,37,213,179,200,8,22,227,27,58,30,8,204,224,161,77,109,28,6,43,180,14,27,134,9,3,160,195,119,238,30,178,157,208,97,227,6,101,176,183,191,42,151,123,44,134,228,41,236,243,22,145,211,197,101,92,65,249,176,112,119,41,176,105,36,109,239,231,173,226,98,251,25,84,221,18,59,64,235,45,89,28,239,196,216,165,10,222,108,20,198,246,104,29,36,1,6,173,6,248,42,14,109,237,183,134,165,132,68,240,141,156,27,114,91,137,66,196,169,133,132,50,218,148,94,225,87,152,76,103,134,196,114,170,86,225,61,59,212,71,186,125,2,166,141,158,55,174,210,102,156,204,37,213,233,58,95,233,194,162,200,249,190,232,136,250,164,2,4,0,166,17,4,15,97,112,105,46,98,105,110,97,110,99,101,46,99,111,109,169,5,2,3,1,81,128,170,107,4,105,49,55,51,48,53,51,52,51,53,50,48,48,48,0,0,0,26,176,99,68,18,212,247,102,199,89,116,68,132,44,238,237,35,21,180,60,154,169,138,110,48,88,200,22,230,199,20,44,18,69,65,196,128,218,106,39,209,211,127,36,34,255,78,155,188,112,219,33,249,168,58,145,183,91,255,235,196,246,35,93,126,157,4,92,19,143,125,3,255,181,117,89,205,252,162,14,225,232,54,60,192,227,137,136,128,174,7,2,5,0,157,178,178,251,179,3,2,1,29],"type":"Buffer"}}},"defaultPort":443,"freeSockets":{"api.binance.com:443:::::::::::::::::::::":[{"_SNICallback":null,"_closeAfterHandlingError":false,"_controlReleased":true,"_events":{"close":[null,null,null]},"_eventsCount":9,"_hadError":false,"_host":"api.binance.com","_httpMessage":null,"_newSessionPending":false,"_parent":null,"_pendingData":null,"_pendingEncoding":"","_readableState":{"awaitDrainWriters":null,"buffer":[],"bufferIndex":0,"highWaterMark":16384,"length":0,"pipes":[]},"_rejectUnauthorized":true,"_requestCert":true,"_secureEstablished":true,"_securePending":false,"_server":null,"_sockname":null,"_tlsOptions":{"isServer":false,"pipe":false,"rejectUnauthorized":true,"requestCert":true,"secureContext":{"context":{}}},"_writableState":{"bufferedIndex":0,"corked":0,"highWaterMark":16384,"length":0,"pendingcb":0,"writelen":0},"allowHalfOpen":false,"alpnProtocol":false,"authorizationError":null,"authorized":true,"connecting":false,"encrypted":true,"parser":null,"secureConnecting":false,"servername":"api.binance.com","ssl":{"_parent":{"onconnection":null,"reading":true},"_parentWrap":null,"_secureContext":{"context":{}},"reading":true},"timeout":5000}]},"keepAlive":true,"keepAliveMsecs":1000,"maxCachedSessions":100,"maxFreeSockets":256,"maxSockets":null,"maxTotalSockets":null,"options":{"keepAlive":true,"noDelay":true,"path":null,"scheduling":"lifo","timeout":5000},"protocol":"https:","requests":{},"scheduling":"lifo","sockets":{},"totalSocketCount":1},"chunkedEncoding":false,"destroyed":true,"finished":true,"host":"api.binance.com","maxHeadersCount":null,"maxRequestsOnConnectionReached":false,"method":"GET","outputData":[],"outputSize":0,"parser":null,"path":"/api/v3/ticker/24hr?timestamp=1730570063787","protocol":"https:","res":{"_consuming":false,"_dumped":false,"_events":{"end":[null,null]},"_eventsCount":4,"_readableState":{"awaitDrainWriters":null,"buffer":[],"bufferIndex":0,"highWaterMark":16384,"length":0,"pipes":[]},"aborted":false,"client":{"_SNICallback":null,"_closeAfterHandlingError":false,"_controlReleased":true,"_events":{"close":[null,null,null]},"_eventsCount":9,"_hadError":false,"_host":"api.binance.com","_httpMessage":null,"_newSessionPending":false,"_parent":null,"_pendingData":null,"_pendingEncoding":"","_readableState":{"awaitDrainWriters":null,"buffer":[],"bufferIndex":0,"highWaterMark":16384,"length":0,"pipes":[]},"_rejectUnauthorized":true,"_requestCert":true,"_secureEstablished":true,"_securePending":false,"_server":null,"_sockname":null,"_tlsOptions":{"isServer":false,"pipe":false,"rejectUnauthorized":true,"requestCert":true,"secureContext":{"context":{}}},"_writableState":{"bufferedIndex":0,"corked":0,"highWaterMark":16384,"length":0,"pendingcb":0,"writelen":0},"allowHalfOpen":false,"alpnProtocol":false,"authorizationError":null,"authorized":true,"connecting":false,"encrypted":true,"parser":null,"secureConnecting":false,"servername":"api.binance.com","ssl":{"_parent":{"onconnection":null,"reading":true},"_parentWrap":null,"_secureContext":{"context":{}},"reading":true},"timeout":5000},"complete":true,"httpVersion":"1.1","httpVersionMajor":1,"httpVersionMinor":1,"method":null,"rawHeaders":["Content-Type","application/json;charset=UTF-8","Content-Length","97","Connection","keep-alive","Date","Sat, 02 Nov 2024 17:54:24 GMT","Expires","0","Server","nginx","x-mbx-uuid","70ad1f6d-93ac-46f5-af15-cc49a8172dd2","x-mbx-used-weight","2","x-mbx-used-weight-1m","2","Strict-Transport-Security","max-age=31536000; includeSubdomains","X-Frame-Options","SAMEORIGIN","X-Xss-Protection","1; mode=block","X-Content-Type-Options","nosniff","Content-Security-Policy","default-src 'self'","X-Content-Security-Policy","default-src 'self'","X-WebKit-CSP","default-src 'self'","Cache-Control","no-cache, no-store, must-revalidate","Pragma","no-cache","X-Cache","Error from cloudfront","Via","1.1 ff89b29055df3eca302a6009f616ee0a.cloudfront.net (CloudFront)","X-Amz-Cf-Pop","MIA3-C5","X-Amz-Cf-Id","qtKh5OpW4l5VmLih85ChoA2bCVk1seAq9irOHa1zY8UC5YWQFhlS1g=="],"rawTrailers":[],"redirects":[],"req":"[Circular]","responseUrl":"https://api.binance.com/api/v3/ticker/24hr?timestamp=1730570063787","socket":null,"statusCode":400,"statusMessage":"Bad Request","upgrade":false,"url":""},"reusedSocket":false,"sendDate":false,"shouldKeepAlive":true,"socket":{"_SNICallback":null,"_closeAfterHandlingError":false,"_controlReleased":true,"_events":{"close":[null,null,null]},"_eventsCount":9,"_hadError":false,"_host":"api.binance.com","_httpMessage":null,"_newSessionPending":false,"_parent":null,"_pendingData":null,"_pendingEncoding":"","_readableState":{"awaitDrainWriters":null,"buffer":[],"bufferIndex":0,"highWaterMark":16384,"length":0,"pipes":[]},"_rejectUnauthorized":true,"_requestCert":true,"_secureEstablished":true,"_securePending":false,"_server":null,"_sockname":null,"_tlsOptions":{"isServer":false,"pipe":false,"rejectUnauthorized":true,"requestCert":true,"secureContext":{"context":{}}},"_writableState":{"bufferedIndex":0,"corked":0,"highWaterMark":16384,"length":0,"pendingcb":0,"writelen":0},"allowHalfOpen":false,"alpnProtocol":false,"authorizationError":null,"authorized":true,"connecting":false,"encrypted":true,"parser":null,"secureConnecting":false,"servername":"api.binance.com","ssl":{"_parent":{"onconnection":null,"reading":true},"_parentWrap":null,"_secureContext":{"context":{}},"reading":true},"timeout":5000},"strictContentLength":false,"timeoutCb":null,"upgradeOrConnect":false,"useChunkedEncodingByDefault":false,"writable":true},"response":{"config":{"adapter":["xhr","http","fetch"],"env":{},"headers":{"Accept":"application/json, text/plain, */*","Accept-Encoding":"gzip, compress, deflate, br","Cache-Control":"no-cache","Pragma":"no-cache","User-Agent":"axios/1.7.7"},"maxBodyLength":-1,"maxContentLength":-1,"method":"get","params":{"timestamp":1730570063787},"timeout":0,"transformRequest":[null],"transformResponse":[null],"transitional":{"clarifyTimeoutError":false,"forcedJSONParsing":true,"silentJSONParsing":true},"url":"https://api.binance.com/api/v3/ticker/24hr","xsrfCookieName":"XSRF-TOKEN","xsrfHeaderName":"X-XSRF-TOKEN"},"data":{"code":-1104,"msg":"Not all sent parameters were read; read '0' parameter(s) but was sent '1'."},"headers":{"cache-control":"no-cache, no-store, must-revalidate","connection":"keep-alive","content-length":"97","content-security-policy":"default-src 'self'","content-type":"application/json;charset=UTF-8","date":"Sat, 02 Nov 2024 17:54:24 GMT","expires":"0","pragma":"no-cache","server":"nginx","strict-transport-security":"max-age=31536000; includeSubdomains","via":"1.1 ff89b29055df3eca302a6009f616ee0a.cloudfront.net (CloudFront)","x-amz-cf-id":"qtKh5OpW4l5VmLih85ChoA2bCVk1seAq9irOHa1zY8UC5YWQFhlS1g==","x-amz-cf-pop":"MIA3-C5","x-cache":"Error from cloudfront","x-content-security-policy":"default-src 'self'","x-content-type-options":"nosniff","x-frame-options":"SAMEORIGIN","x-mbx-used-weight":"2","x-mbx-used-weight-1m":"2","x-mbx-uuid":"70ad1f6d-93ac-46f5-af15-cc49a8172dd2","x-webkit-csp":"default-src 'self'","x-xss-protection":"1; mode=block"},"request":{"_closed":true,"_contentLength":0,"_defaultKeepAlive":true,"_ended":true,"_events":{},"_eventsCount":7,"_hasBody":true,"_header":"GET /api/v3/ticker/24hr?timestamp=1730570063787 HTTP/1.1\r\nAccept: application/json, text/plain, */*\r\nCache-Control: no-cache\r\nPragma: no-cache\r\nUser-Agent: axios/1.7.7\r\nAccept-Encoding: gzip, compress, deflate, br\r\nHost: api.binance.com\r\nConnection: keep-alive\r\n\r\n","_headerSent":true,"_keepAliveTimeout":0,"_last":true,"_redirectable":{"_currentRequest":"[Circular]","_currentUrl":"https://api.binance.com/api/v3/ticker/24hr?timestamp=1730570063787","_ended":true,"_ending":true,"_events":{},"_eventsCount":3,"_options":{"agents":{},"beforeRedirects":{},"headers":{"Accept":"application/json, text/plain, */*","Accept-Encoding":"gzip, compress, deflate, br","Cache-Control":"no-cache","Pragma":"no-cache","User-Agent":"axios/1.7.7"},"hostname":"api.binance.com","maxBodyLength":null,"maxRedirects":21,"method":"GET","nativeProtocols":{"http:":{"METHODS":["ACL","BIND","CHECKOUT","CONNECT","COPY","DELETE","GET","HEAD","LINK","LOCK","M-SEARCH","MERGE","MKACTIVITY","MKCALENDAR","MKCOL","MOVE","NOTIFY","OPTIONS","PATCH","POST","PROPFIND","PROPPATCH","PURGE","PUT","REBIND","REPORT","SEARCH","SOURCE","SUBSCRIBE","TRACE","UNBIND","UNLINK","UNLOCK","UNSUBSCRIBE"],"STATUS_CODES":{"100":"Continue","101":"Switching Protocols","102":"Processing","103":"Early Hints","200":"OK","201":"Created","202":"Accepted","203":"Non-Authoritative Information","204":"No Content","205":"Reset Content","206":"Partial Content","207":"Multi-Status","208":"Already Reported","226":"IM Used","300":"Multiple Choices","301":"Moved Permanently","302":"Found","303":"See Other","304":"Not Modified","305":"Use Proxy","307":"Temporary Redirect","308":"Permanent Redirect","400":"Bad Request","401":"Unauthorized","402":"Payment Required","403":"Forbidden","404":"Not Found","405":"Method Not Allowed","406":"Not Acceptable","407":"Proxy Authentication Required","408":"Request Timeout","409":"Conflict","410":"Gone","411":"Length Required","412":"Precondition Failed","413":"Payload Too Large","414":"URI Too Long","415":"Unsupported Media Type","416":"Range Not Satisfiable","417":"Expectation Failed","418":"I'm a Teapot","421":"Misdirected Request","422":"Unprocessable Entity","423":"Locked","424":"Failed Dependency","425":"Too Early","426":"Upgrade Required","428":"Precondition Required","429":"Too Many Requests","431":"Request Header Fields Too Large","451":"Unavailable For Legal Reasons","500":"Internal Server Error","501":"Not Implemented","502":"Bad Gateway","503":"Service Unavailable","504":"Gateway Timeout","505":"HTTP Version Not Supported","506":"Variant Also Negotiates","507":"Insufficient Storage","508":"Loop Detected","509":"Bandwidth Limit Exceeded","510":"Not Extended","511":"Network Authentication Required"},"globalAgent":{"_events":{},"_eventsCount":2,"defaultPort":80,"freeSockets":{},"keepAlive":true,"keepAliveMsecs":1000,"maxFreeSockets":256,"maxSockets":null,"maxTotalSockets":null,"options":{"keepAlive":true,"noDelay":true,"path":null,"scheduling":"lifo","timeout":5000},"protocol":"http:","requests":{},"scheduling":"lifo","sockets":{},"totalSocketCount":0},"maxHeaderSize":16384},"https:":{"globalAgent":{"_events":{},"_eventsCount":2,"_sessionCache":{"list":["api.binance.com:443:::::::::::::::::::::"],"map":{"api.binance.com:443:::::::::::::::::::::":{"data":[48,130,7,106,2,1,1,2,2,3,4,4,2,19,1,4,32,98,131,6,114,102,207,70,221,9,36,193,110,201,102,126,78,105,147,40,162,40,60,118,175,205,132,157,99,253,50,68,36,4,32,164,228,29,45,190,133,210,50,37,120,238,152,42,47,50,233,100,26,151,243,37,27,221,59,119,217,206,224,227,117,39,59,161,6,2,4,103,38,103,80,162,4,2,2,28,32,163,130,6,112,48,130,6,108,48,130,5,84,160,3,2,1,2,2,16,3,74,92,211,189,165,82,135,27,113,59,207,101,200,101,157,48,13,6,9,42,134,72,134,247,13,1,1,11,5,0,48,96,49,11,48,9,6,3,85,4,6,19,2,85,83,49,21,48,19,6,3,85,4,10,19,12,68,105,103,105,67,101,114,116,32,73,110,99,49,25,48,23,6,3,85,4,11,19,16,119,119,119,46,100,105,103,105,99,101,114,116,46,99,111,109,49,31,48,29,6,3,85,4,3,19,22,71,101,111,84,114,117,115,116,32,84,76,83,32,82,83,65,32,67,65,32,71,49,48,30,23,13,50,52,48,49,49,49,48,48,48,48,48,48,90,23,13,50,53,48,50,49,48,50,51,53,57,53,57,90,48,94,49,11,48,9,6,3,85,4,6,19,2,75,89,49,20,48,18,6,3,85,4,7,19,11,71,69,79,82,71,69,32,84,79,87,78,49,33,48,31,6,3,85,4,10,19,24,66,105,110,97,110,99,101,32,72,111,108,100,105,110,103,115,32,76,105,109,105,116,101,100,49,22,48,20,6,3,85,4,3,12,13,42,46,98,105,110,97,110,99,101,46,99,111,109,48,130,1,34,48,13,6,9,42,134,72,134,247,13,1,1,1,5,0,3,130,1,15,0,48,130,1,10,2,130,1,1,0,151,102,109,146,48,89,147,166,50,241,221,26,211,176,88,16,59,215,186,35,185,51,174,66,123,7,128,80,112,96,78,170,22,136,173,117,202,230,116,64,0,102,50,149,66,212,22,175,15,201,232,50,148,80,50,92,36,109,235,0,91,112,121,240,63,133,169,97,219,190,120,198,227,244,100,89,29,100,215,225,174,170,192,101,223,164,210,80,254,231,19,106,169,89,75,216,129,92,111,207,80,151,193,88,165,118,107,76,210,157,212,184,200,16,106,232,79,27,113,213,247,104,253,15,20,197,62,150,128,244,212,166,217,207,159,123,11,55,242,83,145,225,207,138,154,147,185,124,67,252,72,241,240,85,245,128,23,45,135,23,153,138,131,189,213,203,119,199,206,214,165,191,219,0,90,236,151,59,74,93,88,251,70,156,141,202,146,97,72,44,0,88,151,165,32,158,249,116,180,145,218,21,55,135,62,250,254,252,201,122,26,111,7,17,166,209,0,59,250,110,124,219,133,70,244,158,88,188,189,244,159,158,125,56,99,103,109,73,75,201,29,5,81,160,176,140,134,5,195,222,154,21,10,169,56,75,2,3,1,0,1,163,130,3,34,48,130,3,30,48,31,6,3,85,29,35,4,24,48,22,128,20,148,79,212,93,139,228,164,226,166,128,254,253,216,249,0,239,163,190,2,87,48,29,6,3,85,29,14,4,22,4,20,137,198,216,212,219,246,241,43,127,180,115,88,171,124,85,234,128,97,239,25,48,37,6,3,85,29,17,4,30,48,28,130,13,42,46,98,105,110,97,110,99,101,46,99,111,109,130,11,98,105,110,97,110,99,101,46,99,111,109,48,62,6,3,85,29,32,4,55,48,53,48,51,6,6,103,129,12,1,2,2,48,41,48,39,6,8,43,6,1,5,5,7,2,1,22,27,104,116,116,112,58,47,47,119,119,119,46,100,105,103,105,99,101,114,116,46,99,111,109,47,67,80,83,48,14,6,3,85,29,15,1,1,255,4,4,3,2,5,160,48,29,6,3,85,29,37,4,22,48,20,6,8,43,6,1,5,5,7,3,1,6,8,43,6,1,5,5,7,3,2,48,63,6,3,85,29,31,4,56,48,54,48,52,160,50,160,48,134,46,104,116,116,112,58,47,47,99,100,112,46,103,101,111,116,114,117,115,116,46,99,111,109,47,71,101,111,84,114,117,115,116,84,76,83,82,83,65,67,65,71,49,46,99,114,108,48,118,6,8,43,6,1,5,5,7,1,1,4,106,48,104,48,38,6,8,43,6,1,5,5,7,48,1,134,26,104,116,116,112,58,47,47,115,116,97,116,117,115,46,103,101,111,116,114,117,115,116,46,99,111,109,48,62,6,8,43,6,1,5,5,7,48,2,134,50,104,116,116,112,58,47,47,99,97,99,101,114,116,115,46,103,101,111,116,114,117,115,116,46,99,111,109,47,71,101,111,84,114,117,115,116,84,76,83,82,83,65,67,65,71,49,46,99,114,116,48,12,6,3,85,29,19,1,1,255,4,2,48,0,48,130,1,125,6,10,43,6,1,4,1,214,121,2,4,2,4,130,1,109,4,130,1,105,1,103,0,118,0,78,117,163,39,92,154,16,195,56,91,108,212,223,63,82,235,29,240,224,142,27,141,105,192,177,250,100,177,98,154,57,223,0,0,1,140,248,245,51,48,0,0,4,3,0,71,48,69,2,33,0,238,178,232,241,214,167,179,55,68,32,252,13,93,88,174,50,244,53,76,15,243,150,143,68,19,4,238,164,170,207,26,203,2,32,17,88,16,24,150,111,246,106,8,125,133,165,7,195,123,136,15,12,201,65,157,164,155,53,166,11,43,238,27,162,192,178,0,118,0,125,89,30,18,225,120,42,123,28,97,103,124,94,253,248,208,135,92,20,160,78,149,158,185,3,47,217,14,140,46,121,184,0,0,1,140,248,245,51,107,0,0,4,3,0,71,48,69,2,33,0,217,190,227,208,170,61,238,250,142,113,220,41,126,234,137,209,75,6,172,145,115,107,245,10,122,255,186,224,100,46,170,98,2,32,5,205,2,126,37,5,89,90,134,109,44,37,183,241,154,240,155,20,246,118,208,67,21,193,204,36,33,43,53,97,13,111,0,117,0,230,210,49,99,64,119,140,193,16,65,6,215,113,185,206,193,210,64,246,150,132,134,251,186,135,50,29,253,30,55,142,80,0,0,1,140,248,245,51,155,0,0,4,3,0,70,48,68,2,32,78,138,124,238,19,171,106,206,70,230,66,171,21,209,233,104,37,209,44,131,137,151,97,11,191,182,217,39,139,164,195,32,2,32,39,75,128,90,198,144,97,200,68,193,182,190,25,213,43,109,203,182,126,58,131,221,183,82,11,238,64,99,97,11,155,124,48,13,6,9,42,134,72,134,247,13,1,1,11,5,0,3,130,1,1,0,184,129,71,49,191,128,107,111,79,14,96,29,204,186,136,200,59,181,187,47,29,0,190,165,57,22,97,9,126,226,212,39,237,213,111,9,212,237,254,60,238,206,190,244,37,175,161,56,214,90,98,178,119,217,28,207,110,41,121,168,203,137,138,226,196,162,177,157,199,115,155,127,153,82,194,153,183,170,88,123,133,247,219,58,179,217,231,92,198,132,187,37,213,179,200,8,22,227,27,58,30,8,204,224,161,77,109,28,6,43,180,14,27,134,9,3,160,195,119,238,30,178,157,208,97,227,6,101,176,183,191,42,151,123,44,134,228,41,236,243,22,145,211,197,101,92,65,249,176,112,119,41,176,105,36,109,239,231,173,226,98,251,25,84,221,18,59,64,235,45,89,28,239,196,216,165,10,222,108,20,198,246,104,29,36,1,6,173,6,248,42,14,109,237,183,134,165,132,68,240,141,156,27,114,91,137,66,196,169,133,132,50,218,148,94,225,87,152,76,103,134,196,114,170,86,225,61,59,212,71,186,125,2,166,141,158,55,174,210,102,156,204,37,213,233,58,95,233,194,162,200,249,190,232,136,250,164,2,4,0,166,17,4,15,97,112,105,46,98,105,110,97,110,99,101,46,99,111,109,169,5,2,3,1,81,128,170,107,4,105,49,55,51,48,53,51,52,51,53,50,48,48,48,0,0,0,26,176,99,68,18,212,247,102,199,89,116,68,132,44,238,237,35,21,180,60,154,169,138,110,48,88,200,22,230,199,20,44,18,69,65,196,128,218,106,39,209,211,127,36,34,255,78,155,188,112,219,33,249,168,58,145,183,91,255,235,196,246,35,93,126,157,4,92,19,143,125,3,255,181,117,89,205,252,162,14,225,232,54,60,192,227,137,136,128,174,7,2,5,0,157,178,178,251,179,3,2,1,29],"type":"Buffer"}}},"defaultPort":443,"freeSockets":{"api.binance.com:443:::::::::::::::::::::":[{"_SNICallback":null,"_closeAfterHandlingError":false,"_controlReleased":true,"_events":{"close":[null,null,null]},"_eventsCount":9,"_hadError":false,"_host":"api.binance.com","_httpMessage":null,"_newSessionPending":false,"_parent":null,"_pendingData":null,"_pendingEncoding":"","_readableState":{"awaitDrainWriters":null,"buffer":[],"bufferIndex":0,"highWaterMark":16384,"length":0,"pipes":[]},"_rejectUnauthorized":true,"_requestCert":true,"_secureEstablished":true,"_securePending":false,"_server":null,"_sockname":null,"_tlsOptions":{"isServer":false,"pipe":false,"rejectUnauthorized":true,"requestCert":true,"secureContext":{"context":{}}},"_writableState":{"bufferedIndex":0,"corked":0,"highWaterMark":16384,"length":0,"pendingcb":0,"writelen":0},"allowHalfOpen":false,"alpnProtocol":false,"authorizationError":null,"authorized":true,"connecting":false,"encrypted":true,"parser":null,"secureConnecting":false,"servername":"api.binance.com","ssl":{"_parent":{"onconnection":null,"reading":true},"_parentWrap":null,"_secureContext":{"context":{}},"reading":true},"timeout":5000}]},"keepAlive":true,"keepAliveMsecs":1000,"maxCachedSessions":100,"maxFreeSockets":256,"maxSockets":null,"maxTotalSockets":null,"options":{"keepAlive":true,"noDelay":true,"path":null,"scheduling":"lifo","timeout":5000},"protocol":"https:","requests":{},"scheduling":"lifo","sockets":{},"totalSocketCount":1}}},"path":"/api/v3/ticker/24hr?timestamp=1730570063787","pathname":"/api/v3/ticker/24hr","port":"","protocol":"https:","search":"?timestamp=1730570063787"},"_redirectCount":0,"_redirects":[],"_requestBodyBuffers":[],"_requestBodyLength":0,"_writableState":{"bufferedIndex":0,"corked":0,"highWaterMark":16384,"length":0,"pendingcb":0,"writelen":0}},"_removedConnection":false,"_removedContLen":false,"_removedTE":false,"_trailer":"","aborted":false,"agent":{"_events":{},"_eventsCount":2,"_sessionCache":{"list":["api.binance.com:443:::::::::::::::::::::"],"map":{"api.binance.com:443:::::::::::::::::::::":{"data":[48,130,7,106,2,1,1,2,2,3,4,4,2,19,1,4,32,98,131,6,114,102,207,70,221,9,36,193,110,201,102,126,78,105,147,40,162,40,60,118,175,205,132,157,99,253,50,68,36,4,32,164,228,29,45,190,133,210,50,37,120,238,152,42,47,50,233,100,26,151,243,37,27,221,59,119,217,206,224,227,117,39,59,161,6,2,4,103,38,103,80,162,4,2,2,28,32,163,130,6,112,48,130,6,108,48,130,5,84,160,3,2,1,2,2,16,3,74,92,211,189,165,82,135,27,113,59,207,101,200,101,157,48,13,6,9,42,134,72,134,247,13,1,1,11,5,0,48,96,49,11,48,9,6,3,85,4,6,19,2,85,83,49,21,48,19,6,3,85,4,10,19,12,68,105,103,105,67,101,114,116,32,73,110,99,49,25,48,23,6,3,85,4,11,19,16,119,119,119,46,100,105,103,105,99,101,114,116,46,99,111,109,49,31,48,29,6,3,85,4,3,19,22,71,101,111,84,114,117,115,116,32,84,76,83,32,82,83,65,32,67,65,32,71,49,48,30,23,13,50,52,48,49,49,49,48,48,48,48,48,48,90,23,13,50,53,48,50,49,48,50,51,53,57,53,57,90,48,94,49,11,48,9,6,3,85,4,6,19,2,75,89,49,20,48,18,6,3,85,4,7,19,11,71,69,79,82,71,69,32,84,79,87,78,49,33,48,31,6,3,85,4,10,19,24,66,105,110,97,110,99,101,32,72,111,108,100,105,110,103,115,32,76,105,109,105,116,101,100,49,22,48,20,6,3,85,4,3,12,13,42,46,98,105,110,97,110,99,101,46,99,111,109,48,130,1,34,48,13,6,9,42,134,72,134,247,13,1,1,1,5,0,3,130,1,15,0,48,130,1,10,2,130,1,1,0,151,102,109,146,48,89,147,166,50,241,221,26,211,176,88,16,59,215,186,35,185,51,174,66,123,7,128,80,112,96,78,170,22,136,173,117,202,230,116,64,0,102,50,149,66,212,22,175,15,201,232,50,148,80,50,92,36,109,235,0,91,112,121,240,63,133,169,97,219,190,120,198,227,244,100,89,29,100,215,225,174,170,192,101,223,164,210,80,254,231,19,106,169,89,75,216,129,92,111,207,80,151,193,88,165,118,107,76,210,157,212,184,200,16,106,232,79,27,113,213,247,104,253,15,20,197,62,150,128,244,212,166,217,207,159,123,11,55,242,83,145,225,207,138,154,147,185,124,67,252,72,241,240,85,245,128,23,45,135,23,153,138,131,189,213,203,119,199,206,214,165,191,219,0,90,236,151,59,74,93,88,251,70,156,141,202,146,97,72,44,0,88,151,165,32,158,249,116,180,145,218,21,55,135,62,250,254,252,201,122,26,111,7,17,166,209,0,59,250,110,124,219,133,70,244,158,88,188,189,244,159,158,125,56,99,103,109,73,75,201,29,5,81,160,176,140,134,5,195,222,154,21,10,169,56,75,2,3,1,0,1,163,130,3,34,48,130,3,30,48,31,6,3,85,29,35,4,24,48,22,128,20,148,79,212,93,139,228,164,226,166,128,254,253,216,249,0,239,163,190,2,87,48,29,6,3,85,29,14,4,22,4,20,137,198,216,212,219,246,241,43,127,180,115,88,171,124,85,234,128,97,239,25,48,37,6,3,85,29,17,4,30,48,28,130,13,42,46,98,105,110,97,110,99,101,46,99,111,109,130,11,98,105,110,97,110,99,101,46,99,111,109,48,62,6,3,85,29,32,4,55,48,53,48,51,6,6,103,129,12,1,2,2,48,41,48,39,6,8,43,6,1,5,5,7,2,1,22,27,104,116,116,112,58,47,47,119,119,119,46,100,105,103,105,99,101,114,116,46,99,111,109,47,67,80,83,48,14,6,3,85,29,15,1,1,255,4,4,3,2,5,160,48,29,6,3,85,29,37,4,22,48,20,6,8,43,6,1,5,5,7,3,1,6,8,43,6,1,5,5,7,3,2,48,63,6,3,85,29,31,4,56,48,54,48,52,160,50,160,48,134,46,104,116,116,112,58,47,47,99,100,112,46,103,101,111,116,114,117,115,116,46,99,111,109,47,71,101,111,84,114,117,115,116,84,76,83,82,83,65,67,65,71,49,46,99,114,108,48,118,6,8,43,6,1,5,5,7,1,1,4,106,48,104,48,38,6,8,43,6,1,5,5,7,48,1,134,26,104,116,116,112,58,47,47,115,116,97,116,117,115,46,103,101,111,116,114,117,115,116,46,99,111,109,48,62,6,8,43,6,1,5,5,7,48,2,134,50,104,116,116,112,58,47,47,99,97,99,101,114,116,115,46,103,101,111,116,114,117,115,116,46,99,111,109,47,71,101,111,84,114,117,115,116,84,76,83,82,83,65,67,65,71,49,46,99,114,116,48,12,6,3,85,29,19,1,1,255,4,2,48,0,48,130,1,125,6,10,43,6,1,4,1,214,121,2,4,2,4,130,1,109,4,130,1,105,1,103,0,118,0,78,117,163,39,92,154,16,195,56,91,108,212,223,63,82,235,29,240,224,142,27,141,105,192,177,250,100,177,98,154,57,223,0,0,1,140,248,245,51,48,0,0,4,3,0,71,48,69,2,33,0,238,178,232,241,214,167,179,55,68,32,252,13,93,88,174,50,244,53,76,15,243,150,143,68,19,4,238,164,170,207,26,203,2,32,17,88,16,24,150,111,246,106,8,125,133,165,7,195,123,136,15,12,201,65,157,164,155,53,166,11,43,238,27,162,192,178,0,118,0,125,89,30,18,225,120,42,123,28,97,103,124,94,253,248,208,135,92,20,160,78,149,158,185,3,47,217,14,140,46,121,184,0,0,1,140,248,245,51,107,0,0,4,3,0,71,48,69,2,33,0,217,190,227,208,170,61,238,250,142,113,220,41,126,234,137,209,75,6,172,145,115,107,245,10,122,255,186,224,100,46,170,98,2,32,5,205,2,126,37,5,89,90,134,109,44,37,183,241,154,240,155,20,246,118,208,67,21,193,204,36,33,43,53,97,13,111,0,117,0,230,210,49,99,64,119,140,193,16,65,6,215,113,185,206,193,210,64,246,150,132,134,251,186,135,50,29,253,30,55,142,80,0,0,1,140,248,245,51,155,0,0,4,3,0,70,48,68,2,32,78,138,124,238,19,171,106,206,70,230,66,171,21,209,233,104,37,209,44,131,137,151,97,11,191,182,217,39,139,164,195,32,2,32,39,75,128,90,198,144,97,200,68,193,182,190,25,213,43,109,203,182,126,58,131,221,183,82,11,238,64,99,97,11,155,124,48,13,6,9,42,134,72,134,247,13,1,1,11,5,0,3,130,1,1,0,184,129,71,49,191,128,107,111,79,14,96,29,204,186,136,200,59,181,187,47,29,0,190,165,57,22,97,9,126,226,212,39,237,213,111,9,212,237,254,60,238,206,190,244,37,175,161,56,214,90,98,178,119,217,28,207,110,41,121,168,203,137,138,226,196,162,177,157,199,115,155,127,153,82,194,153,183,170,88,123,133,247,219,58,179,217,231,92,198,132,187,37,213,179,200,8,22,227,27,58,30,8,204,224,161,77,109,28,6,43,180,14,27,134,9,3,160,195,119,238,30,178,157,208,97,227,6,101,176,183,191,42,151,123,44,134,228,41,236,243,22,145,211,197,101,92,65,249,176,112,119,41,176,105,36,109,239,231,173,226,98,251,25,84,221,18,59,64,235,45,89,28,239,196,216,165,10,222,108,20,198,246,104,29,36,1,6,173,6,248,42,14,109,237,183,134,165,132,68,240,141,156,27,114,91,137,66,196,169,133,132,50,218,148,94,225,87,152,76,103,134,196,114,170,86,225,61,59,212,71,186,125,2,166,141,158,55,174,210,102,156,204,37,213,233,58,95,233,194,162,200,249,190,232,136,250,164,2,4,0,166,17,4,15,97,112,105,46,98,105,110,97,110,99,101,46,99,111,109,169,5,2,3,1,81,128,170,107,4,105,49,55,51,48,53,51,52,51,53,50,48,48,48,0,0,0,26,176,99,68,18,212,247,102,199,89,116,68,132,44,238,237,35,21,180,60,154,169,138,110,48,88,200,22,230,199,20,44,18,69,65,196,128,218,106,39,209,211,127,36,34,255,78,155,188,112,219,33,249,168,58,145,183,91,255,235,196,246,35,93,126,157,4,92,19,143,125,3,255,181,117,89,205,252,162,14,225,232,54,60,192,227,137,136,128,174,7,2,5,0,157,178,178,251,179,3,2,1,29],"type":"Buffer"}}},"defaultPort":443,"freeSockets":{"api.binance.com:443:::::::::::::::::::::":[{"_SNICallback":null,"_closeAfterHandlingError":false,"_controlReleased":true,"_events":{"close":[null,null,null]},"_eventsCount":9,"_hadError":false,"_host":"api.binance.com","_httpMessage":null,"_newSessionPending":false,"_parent":null,"_pendingData":null,"_pendingEncoding":"","_readableState":{"awaitDrainWriters":null,"buffer":[],"bufferIndex":0,"highWaterMark":16384,"length":0,"pipes":[]},"_rejectUnauthorized":true,"_requestCert":true,"_secureEstablished":true,"_securePending":false,"_server":null,"_sockname":null,"_tlsOptions":{"isServer":false,"pipe":false,"rejectUnauthorized":true,"requestCert":true,"secureContext":{"context":{}}},"_writableState":{"bufferedIndex":0,"corked":0,"highWaterMark":16384,"length":0,"pendingcb":0,"writelen":0},"allowHalfOpen":false,"alpnProtocol":false,"authorizationError":null,"authorized":true,"connecting":false,"encrypted":true,"parser":null,"secureConnecting":false,"servername":"api.binance.com","ssl":{"_parent":{"onconnection":null,"reading":true},"_parentWrap":null,"_secureContext":{"context":{}},"reading":true},"timeout":5000}]},"keepAlive":true,"keepAliveMsecs":1000,"maxCachedSessions":100,"maxFreeSockets":256,"maxSockets":null,"maxTotalSockets":null,"options":{"keepAlive":true,"noDelay":true,"path":null,"scheduling":"lifo","timeout":5000},"protocol":"https:","requests":{},"scheduling":"lifo","sockets":{},"totalSocketCount":1},"chunkedEncoding":false,"destroyed":true,"finished":true,"host":"api.binance.com","maxHeadersCount":null,"maxRequestsOnConnectionReached":false,"method":"GET","outputData":[],"outputSize":0,"parser":null,"path":"/api/v3/ticker/24hr?timestamp=1730570063787","protocol":"https:","res":{"_consuming":false,"_dumped":false,"_events":{"end":[null,null]},"_eventsCount":4,"_readableState":{"awaitDrainWriters":null,"buffer":[],"bufferIndex":0,"highWaterMark":16384,"length":0,"pipes":[]},"aborted":false,"client":{"_SNICallback":null,"_closeAfterHandlingError":false,"_controlReleased":true,"_events":{"close":[null,null,null]},"_eventsCount":9,"_hadError":false,"_host":"api.binance.com","_httpMessage":null,"_newSessionPending":false,"_parent":null,"_pendingData":null,"_pendingEncoding":"","_readableState":{"awaitDrainWriters":null,"buffer":[],"bufferIndex":0,"highWaterMark":16384,"length":0,"pipes":[]},"_rejectUnauthorized":true,"_requestCert":true,"_secureEstablished":true,"_securePending":false,"_server":null,"_sockname":null,"_tlsOptions":{"isServer":false,"pipe":false,"rejectUnauthorized":true,"requestCert":true,"secureContext":{"context":{}}},"_writableState":{"bufferedIndex":0,"corked":0,"highWaterMark":16384,"length":0,"pendingcb":0,"writelen":0},"allowHalfOpen":false,"alpnProtocol":false,"authorizationError":null,"authorized":true,"connecting":false,"encrypted":true,"parser":null,"secureConnecting":false,"servername":"api.binance.com","ssl":{"_parent":{"onconnection":null,"reading":true},"_parentWrap":null,"_secureContext":{"context":{}},"reading":true},"timeout":5000},"complete":true,"httpVersion":"1.1","httpVersionMajor":1,"httpVersionMinor":1,"method":null,"rawHeaders":["Content-Type","application/json;charset=UTF-8","Content-Length","97","Connection","keep-alive","Date","Sat, 02 Nov 2024 17:54:24 GMT","Expires","0","Server","nginx","x-mbx-uuid","70ad1f6d-93ac-46f5-af15-cc49a8172dd2","x-mbx-used-weight","2","x-mbx-used-weight-1m","2","Strict-Transport-Security","max-age=31536000; includeSubdomains","X-Frame-Options","SAMEORIGIN","X-Xss-Protection","1; mode=block","X-Content-Type-Options","nosniff","Content-Security-Policy","default-src 'self'","X-Content-Security-Policy","default-src 'self'","X-WebKit-CSP","default-src 'self'","Cache-Control","no-cache, no-store, must-revalidate","Pragma","no-cache","X-Cache","Error from cloudfront","Via","1.1 ff89b29055df3eca302a6009f616ee0a.cloudfront.net (CloudFront)","X-Amz-Cf-Pop","MIA3-C5","X-Amz-Cf-Id","qtKh5OpW4l5VmLih85ChoA2bCVk1seAq9irOHa1zY8UC5YWQFhlS1g=="],"rawTrailers":[],"redirects":[],"req":"[Circular]","responseUrl":"https://api.binance.com/api/v3/ticker/24hr?timestamp=1730570063787","socket":null,"statusCode":400,"statusMessage":"Bad Request","upgrade":false,"url":""},"reusedSocket":false,"sendDate":false,"shouldKeepAlive":true,"socket":{"_SNICallback":null,"_closeAfterHandlingError":false,"_controlReleased":true,"_events":{"close":[null,null,null]},"_eventsCount":9,"_hadError":false,"_host":"api.binance.com","_httpMessage":null,"_newSessionPending":false,"_parent":null,"_pendingData":null,"_pendingEncoding":"","_readableState":{"awaitDrainWriters":null,"buffer":[],"bufferIndex":0,"highWaterMark":16384,"length":0,"pipes":[]},"_rejectUnauthorized":true,"_requestCert":true,"_secureEstablished":true,"_securePending":false,"_server":null,"_sockname":null,"_tlsOptions":{"isServer":false,"pipe":false,"rejectUnauthorized":true,"requestCert":true,"secureContext":{"context":{}}},"_writableState":{"bufferedIndex":0,"corked":0,"highWaterMark":16384,"length":0,"pendingcb":0,"writelen":0},"allowHalfOpen":false,"alpnProtocol":false,"authorizationError":null,"authorized":true,"connecting":false,"encrypted":true,"parser":null,"secureConnecting":false,"servername":"api.binance.com","ssl":{"_parent":{"onconnection":null,"reading":true},"_parentWrap":null,"_secureContext":{"context":{}},"reading":true},"timeout":5000},"strictContentLength":false,"timeoutCb":null,"upgradeOrConnect":false,"useChunkedEncodingByDefault":false,"writable":true},"status":400,"statusText":"Bad Request"},"stack":"AxiosError: Request failed with status code 400\n    at settle (C:\\Users\\lenovo\\Documents\\triangular-arbitrage-v1\\node_modules\\axios\\dist\\node\\axios.cjs:2019:12)\n    at IncomingMessage.handleStreamEnd (C:\\Users\\lenovo\\Documents\\triangular-arbitrage-v1\\node_modules\\axios\\dist\\node\\axios.cjs:3135:11)\n    at IncomingMessage.emit (node:events:531:35)\n    at endReadableNT (node:internal/streams/readable:1696:12)\n    at process.processTicksAndRejections (node:internal/process/task_queues:82:21)\n    at Axios.request (C:\\Users\\lenovo\\Documents\\triangular-arbitrage-v1\\node_modules\\axios\\dist\\node\\axios.cjs:4287:41)\n    at process.processTicksAndRejections (node:internal/process/task_queues:95:5)\n    at async getExchangeData (C:\\Users\\lenovo\\Documents\\triangular-arbitrage-v1\\generateTriangularRoutes.js:18:33)\n    at async main (C:\\Users\\lenovo\\Documents\\triangular-arbitrage-v1\\generateTriangularRoutes.js:157:28)","status":400}
[31merror[39m: Error en proceso principal: fs is not defined {"stack":"ReferenceError: fs is not defined\n    at main (C:\\Users\\lenovo\\Documents\\triangular-arbitrage-v1\\generateTriangularRoutes.js:184:9)\n    at process.processTicksAndRejections (node:internal/process/task_queues:95:5)"}
[31merror[39m: Error en proceso principal: fs is not defined {"stack":"ReferenceError: fs is not defined\n    at main (C:\\Users\\lenovo\\Documents\\triangular-arbitrage-v1\\generateTriangularRoutes.js:184:9)\n    at process.processTicksAndRejections (node:internal/process/task_queues:95:5)"}
[31merror[39m: Error obteniendo datos de exchanges:
[31merror[39m: Error en proceso principal: getBinanceData is not defined {"stack":"ReferenceError: getBinanceData is not defined\n    at getExchangeData (C:\\Users\\lenovo\\Documents\\triangular-arbitrage-v1\\generateTriangularRoutes.js:11:56)\n    at main (C:\\Users\\lenovo\\Documents\\triangular-arbitrage-v1\\generateTriangularRoutes.js:104:34)\n    at Object.<anonymous> (C:\\Users\\lenovo\\Documents\\triangular-arbitrage-v1\\generateTriangularRoutes.js:148:1)\n    at Module._compile (node:internal/modules/cjs/loader:1469:14)\n    at Module._extensions..js (node:internal/modules/cjs/loader:1548:10)\n    at Module.load (node:internal/modules/cjs/loader:1288:32)\n    at Module._load (node:internal/modules/cjs/loader:1104:12)\n    at Function.executeUserEntryPoint [as runMain] (node:internal/modules/run_main:174:12)\n    at node:internal/main/run_main_module:28:49"}
[31merror[39m: Error en proceso principal: findArbitrageOpportunities is not defined {"stack":"ReferenceError: findArbitrageOpportunities is not defined\n    at main (C:\\Users\\lenovo\\Documents\\triangular-arbitrage-v1\\generateTriangularRoutes.js:139:31)\n    at process.processTicksAndRejections (node:internal/process/task_queues:95:5)"}
[31merror[39m: Error en proceso principal: Cannot read properties of undefined (reading 'toLocaleString') {"stack":"TypeError: Cannot read properties of undefined (reading 'toLocaleString')\n    at C:\\Users\\lenovo\\Documents\\triangular-arbitrage-v1\\generateTriangularRoutes.js:249:43\n    at Array.forEach (<anonymous>)\n    at main (C:\\Users\\lenovo\\Documents\\triangular-arbitrage-v1\\generateTriangularRoutes.js:242:39)\n    at process.processTicksAndRejections (node:internal/process/task_queues:95:5)"}
[31merror[39m: Error en Binance:
[31merror[39m: Error obteniendo datos de exchanges:
[31merror[39m: Error en proceso principal: getaddrinfo ENOTFOUND api.binance.com {"cause":{"code":"ENOTFOUND","errno":-3008,"hostname":"api.binance.com","syscall":"getaddrinfo"},"code":"ENOTFOUND","config":{"adapter":["xhr","http","fetch"],"env":{},"headers":{"Accept":"application/json, text/plain, */*","Accept-Encoding":"gzip, compress, deflate, br","User-Agent":"axios/1.7.7"},"maxBodyLength":-1,"maxContentLength":-1,"method":"get","timeout":0,"transformRequest":[null],"transformResponse":[null],"transitional":{"clarifyTimeoutError":false,"forcedJSONParsing":true,"silentJSONParsing":true},"url":"https://api.binance.com/api/v3/time","xsrfCookieName":"XSRF-TOKEN","xsrfHeaderName":"X-XSRF-TOKEN"},"errno":-3008,"hostname":"api.binance.com","name":"Error","request":{"_currentRequest":{"_closed":false,"_contentLength":0,"_defaultKeepAlive":true,"_ended":false,"_events":{},"_eventsCount":7,"_hasBody":true,"_header":"GET /api/v3/time HTTP/1.1\r\nAccept: application/json, text/plain, */*\r\nUser-Agent: axios/1.7.7\r\nAccept-Encoding: gzip, compress, deflate, br\r\nHost: api.binance.com\r\nConnection: keep-alive\r\n\r\n","_headerSent":true,"_keepAliveTimeout":0,"_last":true,"_redirectable":"[Circular]","_removedConnection":false,"_removedContLen":false,"_removedTE":false,"_trailer":"","aborted":false,"agent":{"_events":{},"_eventsCount":2,"_sessionCache":{"list":[],"map":{}},"defaultPort":443,"freeSockets":{},"keepAlive":true,"keepAliveMsecs":1000,"maxCachedSessions":100,"maxFreeSockets":256,"maxSockets":null,"maxTotalSockets":null,"options":{"keepAlive":true,"noDelay":true,"path":null,"scheduling":"lifo","timeout":5000},"protocol":"https:","requests":{},"scheduling":"lifo","sockets":{"api.binance.com:443:::::::::::::::::::::":[{"_SNICallback":null,"_closeAfterHandlingError":false,"_controlReleased":true,"_events":{"close":[null,null,null,null,null],"connect":[null,null,null],"end":[null,null],"timeout":[null,null]},"_eventsCount":11,"_hadError":true,"_host":"api.binance.com","_httpMessage":"[Circular]","_newSessionPending":false,"_parent":null,"_pendingData":"GET /api/v3/time HTTP/1.1\r\nAccept: application/json, text/plain, */*\r\nUser-Agent: axios/1.7.7\r\nAccept-Encoding: gzip, compress, deflate, br\r\nHost: api.binance.com\r\nConnection: keep-alive\r\n\r\n","_pendingEncoding":"latin1","_readableState":{"awaitDrainWriters":null,"buffer":[],"bufferIndex":0,"highWaterMark":16384,"length":0,"pipes":[]},"_rejectUnauthorized":true,"_requestCert":true,"_secureEstablished":false,"_securePending":false,"_server":null,"_sockname":null,"_tlsOptions":{"isServer":false,"pipe":false,"rejectUnauthorized":true,"requestCert":true,"secureContext":{"context":{}}},"_writableState":{"bufferedIndex":0,"corked":0,"highWaterMark":16384,"length":190,"pendingcb":1,"writelen":190},"allowHalfOpen":false,"alpnProtocol":null,"authorizationError":null,"authorized":false,"connecting":false,"encrypted":true,"parser":null,"secureConnecting":true,"servername":null,"ssl":null,"timeout":5000}],"api.huobi.pro:443:::::::::::::::::::::":[{"_SNICallback":null,"_closeAfterHandlingError":false,"_controlReleased":true,"_events":{"close":[null,null,null,null,null],"connect":[null,null,null],"end":[null,null,null],"timeout":[null,null]},"_eventsCount":12,"_hadError":false,"_host":"api.huobi.pro","_httpMessage":{"_closed":false,"_contentLength":0,"_defaultKeepAlive":true,"_ended":false,"_events":{},"_eventsCount":7,"_hasBody":true,"_header":"GET /market/tickers HTTP/1.1\r\nAccept: application/json, text/plain, */*\r\nUser-Agent: Mozilla/5.0\r\nCache-Control: no-cache\r\nAccept-Encoding: gzip, compress, deflate, br\r\nHost: api.huobi.pro\r\nConnection: keep-alive\r\n\r\n","_headerSent":true,"_keepAliveTimeout":0,"_last":true,"_redirectable":{"_currentRequest":"[Circular]","_currentUrl":"https://api.huobi.pro/market/tickers","_ended":true,"_ending":true,"_events":{},"_eventsCount":3,"_options":{"agents":{},"beforeRedirects":{},"headers":{"Accept":"application/json, text/plain, */*","Accept-Encoding":"gzip, compress, deflate, br","Cache-Control":"no-cache","User-Agent":"Mozilla/5.0"},"hostname":"api.huobi.pro","maxBodyLength":null,"maxRedirects":21,"method":"GET","nativeProtocols":{"http:":{"METHODS":["ACL","BIND","CHECKOUT","CONNECT","COPY","DELETE","GET","HEAD","LINK","LOCK","M-SEARCH","MERGE","MKACTIVITY","MKCALENDAR","MKCOL","MOVE","NOTIFY","OPTIONS","PATCH","POST","PROPFIND","PROPPATCH","PURGE","PUT","REBIND","REPORT","SEARCH","SOURCE","SUBSCRIBE","TRACE","UNBIND","UNLINK","UNLOCK","UNSUBSCRIBE"],"STATUS_CODES":{"100":"Continue","101":"Switching Protocols","102":"Processing","103":"Early Hints","200":"OK","201":"Created","202":"Accepted","203":"Non-Authoritative Information","204":"No Content","205":"Reset Content","206":"Partial Content","207":"Multi-Status","208":"Already Reported","226":"IM Used","300":"Multiple Choices","301":"Moved Permanently","302":"Found","303":"See Other","304":"Not Modified","305":"Use Proxy","307":"Temporary Redirect","308":"Permanent Redirect","400":"Bad Request","401":"Unauthorized","402":"Payment Required","403":"Forbidden","404":"Not Found","405":"Method Not Allowed","406":"Not Acceptable","407":"Proxy Authentication Required","408":"Request Timeout","409":"Conflict","410":"Gone","411":"Length Required","412":"Precondition Failed","413":"Payload Too Large","414":"URI Too Long","415":"Unsupported Media Type","416":"Range Not Satisfiable","417":"Expectation Failed","418":"I'm a Teapot","421":"Misdirected Request","422":"Unprocessable Entity","423":"Locked","424":"Failed Dependency","425":"Too Early","426":"Upgrade Required","428":"Precondition Required","429":"Too Many Requests","431":"Request Header Fields Too Large","451":"Unavailable For Legal Reasons","500":"Internal Server Error","501":"Not Implemented","502":"Bad Gateway","503":"Service Unavailable","504":"Gateway Timeout","505":"HTTP Version Not Supported","506":"Variant Also Negotiates","507":"Insufficient Storage","508":"Loop Detected","509":"Bandwidth Limit Exceeded","510":"Not Extended","511":"Network Authentication Required"},"globalAgent":{"_events":{},"_eventsCount":2,"defaultPort":80,"freeSockets":{},"keepAlive":true,"keepAliveMsecs":1000,"maxFreeSockets":256,"maxSockets":null,"maxTotalSockets":null,"options":{"keepAlive":true,"noDelay":true,"path":null,"scheduling":"lifo","timeout":5000},"protocol":"http:","requests":{},"scheduling":"lifo","sockets":{},"totalSocketCount":0},"maxHeaderSize":16384},"https:":{"globalAgent":"[Circular]"}},"path":"/market/tickers","pathname":"/market/tickers","port":"","protocol":"https:"},"_redirectCount":0,"_redirects":[],"_requestBodyBuffers":[],"_requestBodyLength":0,"_writableState":{"bufferedIndex":0,"corked":0,"highWaterMark":16384,"length":0,"pendingcb":0,"writelen":0}},"_removedConnection":false,"_removedContLen":false,"_removedTE":false,"_trailer":"","aborted":false,"agent":"[Circular]","chunkedEncoding":false,"destroyed":false,"finished":true,"host":"api.huobi.pro","maxHeadersCount":null,"maxRequestsOnConnectionReached":false,"method":"GET","outputData":[],"outputSize":0,"parser":{"0":null,"5":null,"6":null,"_consumed":false,"_headers":[],"_url":"","incoming":null,"maxHeaderPairs":2000,"outgoing":"[Circular]","socket":"[Circular]"},"path":"/market/tickers","protocol":"https:","res":null,"reusedSocket":false,"sendDate":false,"shouldKeepAlive":true,"socket":"[Circular]","strictContentLength":false,"upgradeOrConnect":false,"useChunkedEncodingByDefault":false,"writable":true},"_newSessionPending":false,"_parent":null,"_pendingData":"GET /market/tickers HTTP/1.1\r\nAccept: application/json, text/plain, */*\r\nUser-Agent: Mozilla/5.0\r\nCache-Control: no-cache\r\nAccept-Encoding: gzip, compress, deflate, br\r\nHost: api.huobi.pro\r\nConnection: keep-alive\r\n\r\n","_pendingEncoding":"latin1","_readableState":{"awaitDrainWriters":null,"buffer":[],"bufferIndex":0,"highWaterMark":16384,"length":0,"pipes":[]},"_rejectUnauthorized":true,"_requestCert":true,"_secureEstablished":false,"_securePending":false,"_server":null,"_sockname":null,"_tlsOptions":{"isServer":false,"pipe":false,"rejectUnauthorized":true,"requestCert":true,"secureContext":{"context":{}}},"_writableState":{"bufferedIndex":0,"corked":0,"highWaterMark":16384,"length":216,"pendingcb":1,"writelen":216},"allowHalfOpen":false,"alpnProtocol":null,"authorizationError":null,"authorized":false,"connecting":true,"encrypted":true,"parser":{"0":null,"5":null,"6":null,"_consumed":false,"_headers":[],"_url":"","incoming":null,"maxHeaderPairs":2000,"outgoing":{"_closed":false,"_contentLength":0,"_defaultKeepAlive":true,"_ended":false,"_events":{},"_eventsCount":7,"_hasBody":true,"_header":"GET /market/tickers HTTP/1.1\r\nAccept: application/json, text/plain, */*\r\nUser-Agent: Mozilla/5.0\r\nCache-Control: no-cache\r\nAccept-Encoding: gzip, compress, deflate, br\r\nHost: api.huobi.pro\r\nConnection: keep-alive\r\n\r\n","_headerSent":true,"_keepAliveTimeout":0,"_last":true,"_redirectable":{"_currentRequest":"[Circular]","_currentUrl":"https://api.huobi.pro/market/tickers","_ended":true,"_ending":true,"_events":{},"_eventsCount":3,"_options":{"agents":{},"beforeRedirects":{},"headers":{"Accept":"application/json, text/plain, */*","Accept-Encoding":"gzip, compress, deflate, br","Cache-Control":"no-cache","User-Agent":"Mozilla/5.0"},"hostname":"api.huobi.pro","maxBodyLength":null,"maxRedirects":21,"method":"GET","nativeProtocols":{"http:":{"METHODS":["ACL","BIND","CHECKOUT","CONNECT","COPY","DELETE","GET","HEAD","LINK","LOCK","M-SEARCH","MERGE","MKACTIVITY","MKCALENDAR","MKCOL","MOVE","NOTIFY","OPTIONS","PATCH","POST","PROPFIND","PROPPATCH","PURGE","PUT","REBIND","REPORT","SEARCH","SOURCE","SUBSCRIBE","TRACE","UNBIND","UNLINK","UNLOCK","UNSUBSCRIBE"],"STATUS_CODES":{"100":"Continue","101":"Switching Protocols","102":"Processing","103":"Early Hints","200":"OK","201":"Created","202":"Accepted","203":"Non-Authoritative Information","204":"No Content","205":"Reset Content","206":"Partial Content","207":"Multi-Status","208":"Already Reported","226":"IM Used","300":"Multiple Choices","301":"Moved Permanently","302":"Found","303":"See Other","304":"Not Modified","305":"Use Proxy","307":"Temporary Redirect","308":"Permanent Redirect","400":"Bad Request","401":"Unauthorized","402":"Payment Required","403":"Forbidden","404":"Not Found","405":"Method Not Allowed","406":"Not Acceptable","407":"Proxy Authentication Required","408":"Request Timeout","409":"Conflict","410":"Gone","411":"Length Required","412":"Precondition Failed","413":"Payload Too Large","414":"URI Too Long","415":"Unsupported Media Type","416":"Range Not Satisfiable","417":"Expectation Failed","418":"I'm a Teapot","421":"Misdirected Request","422":"Unprocessable Entity","423":"Locked","424":"Failed Dependency","425":"Too Early","426":"Upgrade Required","428":"Precondition Required","429":"Too Many Requests","431":"Request Header Fields Too Large","451":"Unavailable For Legal Reasons","500":"Internal Server Error","501":"Not Implemented","502":"Bad Gateway","503":"Service Unavailable","504":"Gateway Timeout","505":"HTTP Version Not Supported","506":"Variant Also Negotiates","507":"Insufficient Storage","508":"Loop Detected","509":"Bandwidth Limit Exceeded","510":"Not Extended","511":"Network Authentication Required"},"globalAgent":{"_events":{},"_eventsCount":2,"defaultPort":80,"freeSockets":{},"keepAlive":true,"keepAliveMsecs":1000,"maxFreeSockets":256,"maxSockets":null,"maxTotalSockets":null,"options":{"keepAlive":true,"noDelay":true,"path":null,"scheduling":"lifo","timeout":5000},"protocol":"http:","requests":{},"scheduling":"lifo","sockets":{},"totalSocketCount":0},"maxHeaderSize":16384},"https:":{"globalAgent":"[Circular]"}},"path":"/market/tickers","pathname":"/market/tickers","port":"","protocol":"https:"},"_redirectCount":0,"_redirects":[],"_requestBodyBuffers":[],"_requestBodyLength":0,"_writableState":{"bufferedIndex":0,"corked":0,"highWaterMark":16384,"length":0,"pendingcb":0,"writelen":0}},"_removedConnection":false,"_removedContLen":false,"_removedTE":false,"_trailer":"","aborted":false,"agent":"[Circular]","chunkedEncoding":false,"destroyed":false,"finished":true,"host":"api.huobi.pro","maxHeadersCount":null,"maxRequestsOnConnectionReached":false,"method":"GET","outputData":[],"outputSize":0,"parser":"[Circular]","path":"/market/tickers","protocol":"https:","res":null,"reusedSocket":false,"sendDate":false,"shouldKeepAlive":true,"socket":"[Circular]","strictContentLength":false,"upgradeOrConnect":false,"useChunkedEncodingByDefault":false,"writable":true},"socket":"[Circular]"},"secureConnecting":true,"servername":null,"ssl":{"_parent":{"onconnection":null,"reading":false},"_parentWrap":null,"_secureContext":{"context":{}},"reading":false},"timeout":5000}]},"totalSocketCount":2},"chunkedEncoding":false,"destroyed":false,"finished":true,"host":"api.binance.com","maxHeadersCount":null,"maxRequestsOnConnectionReached":false,"method":"GET","outputData":[],"outputSize":0,"parser":null,"path":"/api/v3/time","protocol":"https:","res":null,"reusedSocket":false,"sendDate":false,"shouldKeepAlive":true,"socket":{"_SNICallback":null,"_closeAfterHandlingError":false,"_controlReleased":true,"_events":{"close":[null,null,null,null,null],"connect":[null,null,null],"end":[null,null],"timeout":[null,null]},"_eventsCount":11,"_hadError":true,"_host":"api.binance.com","_httpMessage":"[Circular]","_newSessionPending":false,"_parent":null,"_pendingData":"GET /api/v3/time HTTP/1.1\r\nAccept: application/json, text/plain, */*\r\nUser-Agent: axios/1.7.7\r\nAccept-Encoding: gzip, compress, deflate, br\r\nHost: api.binance.com\r\nConnection: keep-alive\r\n\r\n","_pendingEncoding":"latin1","_readableState":{"awaitDrainWriters":null,"buffer":[],"bufferIndex":0,"highWaterMark":16384,"length":0,"pipes":[]},"_rejectUnauthorized":true,"_requestCert":true,"_secureEstablished":false,"_securePending":false,"_server":null,"_sockname":null,"_tlsOptions":{"isServer":false,"pipe":false,"rejectUnauthorized":true,"requestCert":true,"secureContext":{"context":{}}},"_writableState":{"bufferedIndex":0,"corked":0,"highWaterMark":16384,"length":190,"pendingcb":1,"writelen":190},"allowHalfOpen":false,"alpnProtocol":null,"authorizationError":null,"authorized":false,"connecting":false,"encrypted":true,"parser":null,"secureConnecting":true,"servername":null,"ssl":null,"timeout":5000},"strictContentLength":false,"upgradeOrConnect":false,"useChunkedEncodingByDefault":false,"writable":true},"_currentUrl":"https://api.binance.com/api/v3/time","_ended":true,"_ending":true,"_events":{},"_eventsCount":3,"_options":{"agents":{},"beforeRedirects":{},"headers":{"Accept":"application/json, text/plain, */*","Accept-Encoding":"gzip, compress, deflate, br","User-Agent":"axios/1.7.7"},"hostname":"api.binance.com","maxBodyLength":null,"maxRedirects":21,"method":"GET","nativeProtocols":{"http:":{"METHODS":["ACL","BIND","CHECKOUT","CONNECT","COPY","DELETE","GET","HEAD","LINK","LOCK","M-SEARCH","MERGE","MKACTIVITY","MKCALENDAR","MKCOL","MOVE","NOTIFY","OPTIONS","PATCH","POST","PROPFIND","PROPPATCH","PURGE","PUT","REBIND","REPORT","SEARCH","SOURCE","SUBSCRIBE","TRACE","UNBIND","UNLINK","UNLOCK","UNSUBSCRIBE"],"STATUS_CODES":{"100":"Continue","101":"Switching Protocols","102":"Processing","103":"Early Hints","200":"OK","201":"Created","202":"Accepted","203":"Non-Authoritative Information","204":"No Content","205":"Reset Content","206":"Partial Content","207":"Multi-Status","208":"Already Reported","226":"IM Used","300":"Multiple Choices","301":"Moved Permanently","302":"Found","303":"See Other","304":"Not Modified","305":"Use Proxy","307":"Temporary Redirect","308":"Permanent Redirect","400":"Bad Request","401":"Unauthorized","402":"Payment Required","403":"Forbidden","404":"Not Found","405":"Method Not Allowed","406":"Not Acceptable","407":"Proxy Authentication Required","408":"Request Timeout","409":"Conflict","410":"Gone","411":"Length Required","412":"Precondition Failed","413":"Payload Too Large","414":"URI Too Long","415":"Unsupported Media Type","416":"Range Not Satisfiable","417":"Expectation Failed","418":"I'm a Teapot","421":"Misdirected Request","422":"Unprocessable Entity","423":"Locked","424":"Failed Dependency","425":"Too Early","426":"Upgrade Required","428":"Precondition Required","429":"Too Many Requests","431":"Request Header Fields Too Large","451":"Unavailable For Legal Reasons","500":"Internal Server Error","501":"Not Implemented","502":"Bad Gateway","503":"Service Unavailable","504":"Gateway Timeout","505":"HTTP Version Not Supported","506":"Variant Also Negotiates","507":"Insufficient Storage","508":"Loop Detected","509":"Bandwidth Limit Exceeded","510":"Not Extended","511":"Network Authentication Required"},"globalAgent":{"_events":{},"_eventsCount":2,"defaultPort":80,"freeSockets":{},"keepAlive":true,"keepAliveMsecs":1000,"maxFreeSockets":256,"maxSockets":null,"maxTotalSockets":null,"options":{"keepAlive":true,"noDelay":true,"path":null,"scheduling":"lifo","timeout":5000},"protocol":"http:","requests":{},"scheduling":"lifo","sockets":{},"totalSocketCount":0},"maxHeaderSize":16384},"https:":{"globalAgent":{"_events":{},"_eventsCount":2,"_sessionCache":{"list":[],"map":{}},"defaultPort":443,"freeSockets":{},"keepAlive":true,"keepAliveMsecs":1000,"maxCachedSessions":100,"maxFreeSockets":256,"maxSockets":null,"maxTotalSockets":null,"options":{"keepAlive":true,"noDelay":true,"path":null,"scheduling":"lifo","timeout":5000},"protocol":"https:","requests":{},"scheduling":"lifo","sockets":{"api.binance.com:443:::::::::::::::::::::":[{"_SNICallback":null,"_closeAfterHandlingError":false,"_controlReleased":true,"_events":{"close":[null,null,null,null,null],"connect":[null,null,null],"end":[null,null],"timeout":[null,null]},"_eventsCount":11,"_hadError":true,"_host":"api.binance.com","_httpMessage":{"_closed":false,"_contentLength":0,"_defaultKeepAlive":true,"_ended":false,"_events":{},"_eventsCount":7,"_hasBody":true,"_header":"GET /api/v3/time HTTP/1.1\r\nAccept: application/json, text/plain, */*\r\nUser-Agent: axios/1.7.7\r\nAccept-Encoding: gzip, compress, deflate, br\r\nHost: api.binance.com\r\nConnection: keep-alive\r\n\r\n","_headerSent":true,"_keepAliveTimeout":0,"_last":true,"_redirectable":"[Circular]","_removedConnection":false,"_removedContLen":false,"_removedTE":false,"_trailer":"","aborted":false,"agent":"[Circular]","chunkedEncoding":false,"destroyed":false,"finished":true,"host":"api.binance.com","maxHeadersCount":null,"maxRequestsOnConnectionReached":false,"method":"GET","outputData":[],"outputSize":0,"parser":null,"path":"/api/v3/time","protocol":"https:","res":null,"reusedSocket":false,"sendDate":false,"shouldKeepAlive":true,"socket":"[Circular]","strictContentLength":false,"upgradeOrConnect":false,"useChunkedEncodingByDefault":false,"writable":true},"_newSessionPending":false,"_parent":null,"_pendingData":"GET /api/v3/time HTTP/1.1\r\nAccept: application/json, text/plain, */*\r\nUser-Agent: axios/1.7.7\r\nAccept-Encoding: gzip, compress, deflate, br\r\nHost: api.binance.com\r\nConnection: keep-alive\r\n\r\n","_pendingEncoding":"latin1","_readableState":{"awaitDrainWriters":null,"buffer":[],"bufferIndex":0,"highWaterMark":16384,"length":0,"pipes":[]},"_rejectUnauthorized":true,"_requestCert":true,"_secureEstablished":false,"_securePending":false,"_server":null,"_sockname":null,"_tlsOptions":{"isServer":false,"pipe":false,"rejectUnauthorized":true,"requestCert":true,"secureContext":{"context":{}}},"_writableState":{"bufferedIndex":0,"corked":0,"highWaterMark":16384,"length":190,"pendingcb":1,"writelen":190},"allowHalfOpen":false,"alpnProtocol":null,"authorizationError":null,"authorized":false,"connecting":false,"encrypted":true,"parser":null,"secureConnecting":true,"servername":null,"ssl":null,"timeout":5000}],"api.huobi.pro:443:::::::::::::::::::::":[{"_SNICallback":null,"_closeAfterHandlingError":false,"_controlReleased":true,"_events":{"close":[null,null,null,null,null],"connect":[null,null,null],"end":[null,null,null],"timeout":[null,null]},"_eventsCount":12,"_hadError":false,"_host":"api.huobi.pro","_httpMessage":{"_closed":false,"_contentLength":0,"_defaultKeepAlive":true,"_ended":false,"_events":{},"_eventsCount":7,"_hasBody":true,"_header":"GET /market/tickers HTTP/1.1\r\nAccept: application/json, text/plain, */*\r\nUser-Agent: Mozilla/5.0\r\nCache-Control: no-cache\r\nAccept-Encoding: gzip, compress, deflate, br\r\nHost: api.huobi.pro\r\nConnection: keep-alive\r\n\r\n","_headerSent":true,"_keepAliveTimeout":0,"_last":true,"_redirectable":{"_currentRequest":"[Circular]","_currentUrl":"https://api.huobi.pro/market/tickers","_ended":true,"_ending":true,"_events":{},"_eventsCount":3,"_options":{"agents":{},"beforeRedirects":{},"headers":{"Accept":"application/json, text/plain, */*","Accept-Encoding":"gzip, compress, deflate, br","Cache-Control":"no-cache","User-Agent":"Mozilla/5.0"},"hostname":"api.huobi.pro","maxBodyLength":null,"maxRedirects":21,"method":"GET","nativeProtocols":"[Circular]","path":"/market/tickers","pathname":"/market/tickers","port":"","protocol":"https:"},"_redirectCount":0,"_redirects":[],"_requestBodyBuffers":[],"_requestBodyLength":0,"_writableState":{"bufferedIndex":0,"corked":0,"highWaterMark":16384,"length":0,"pendingcb":0,"writelen":0}},"_removedConnection":false,"_removedContLen":false,"_removedTE":false,"_trailer":"","aborted":false,"agent":"[Circular]","chunkedEncoding":false,"destroyed":false,"finished":true,"host":"api.huobi.pro","maxHeadersCount":null,"maxRequestsOnConnectionReached":false,"method":"GET","outputData":[],"outputSize":0,"parser":{"0":null,"5":null,"6":null,"_consumed":false,"_headers":[],"_url":"","incoming":null,"maxHeaderPairs":2000,"outgoing":"[Circular]","socket":"[Circular]"},"path":"/market/tickers","protocol":"https:","res":null,"reusedSocket":false,"sendDate":false,"shouldKeepAlive":true,"socket":"[Circular]","strictContentLength":false,"upgradeOrConnect":false,"useChunkedEncodingByDefault":false,"writable":true},"_newSessionPending":false,"_parent":null,"_pendingData":"GET /market/tickers HTTP/1.1\r\nAccept: application/json, text/plain, */*\r\nUser-Agent: Mozilla/5.0\r\nCache-Control: no-cache\r\nAccept-Encoding: gzip, compress, deflate, br\r\nHost: api.huobi.pro\r\nConnection: keep-alive\r\n\r\n","_pendingEncoding":"latin1","_readableState":{"awaitDrainWriters":null,"buffer":[],"bufferIndex":0,"highWaterMark":16384,"length":0,"pipes":[]},"_rejectUnauthorized":true,"_requestCert":true,"_secureEstablished":false,"_securePending":false,"_server":null,"_sockname":null,"_tlsOptions":{"isServer":false,"pipe":false,"rejectUnauthorized":true,"requestCert":true,"secureContext":{"context":{}}},"_writableState":{"bufferedIndex":0,"corked":0,"highWaterMark":16384,"length":216,"pendingcb":1,"writelen":216},"allowHalfOpen":false,"alpnProtocol":null,"authorizationError":null,"authorized":false,"connecting":true,"encrypted":true,"parser":{"0":null,"5":null,"6":null,"_consumed":false,"_headers":[],"_url":"","incoming":null,"maxHeaderPairs":2000,"outgoing":{"_closed":false,"_contentLength":0,"_defaultKeepAlive":true,"_ended":false,"_events":{},"_eventsCount":7,"_hasBody":true,"_header":"GET /market/tickers HTTP/1.1\r\nAccept: application/json, text/plain, */*\r\nUser-Agent: Mozilla/5.0\r\nCache-Control: no-cache\r\nAccept-Encoding: gzip, compress, deflate, br\r\nHost: api.huobi.pro\r\nConnection: keep-alive\r\n\r\n","_headerSent":true,"_keepAliveTimeout":0,"_last":true,"_redirectable":{"_currentRequest":"[Circular]","_currentUrl":"https://api.huobi.pro/market/tickers","_ended":true,"_ending":true,"_events":{},"_eventsCount":3,"_options":{"agents":{},"beforeRedirects":{},"headers":{"Accept":"application/json, text/plain, */*","Accept-Encoding":"gzip, compress, deflate, br","Cache-Control":"no-cache","User-Agent":"Mozilla/5.0"},"hostname":"api.huobi.pro","maxBodyLength":null,"maxRedirects":21,"method":"GET","nativeProtocols":"[Circular]","path":"/market/tickers","pathname":"/market/tickers","port":"","protocol":"https:"},"_redirectCount":0,"_redirects":[],"_requestBodyBuffers":[],"_requestBodyLength":0,"_writableState":{"bufferedIndex":0,"corked":0,"highWaterMark":16384,"length":0,"pendingcb":0,"writelen":0}},"_removedConnection":false,"_removedContLen":false,"_removedTE":false,"_trailer":"","aborted":false,"agent":"[Circular]","chunkedEncoding":false,"destroyed":false,"finished":true,"host":"api.huobi.pro","maxHeadersCount":null,"maxRequestsOnConnectionReached":false,"method":"GET","outputData":[],"outputSize":0,"parser":"[Circular]","path":"/market/tickers","protocol":"https:","res":null,"reusedSocket":false,"sendDate":false,"shouldKeepAlive":true,"socket":"[Circular]","strictContentLength":false,"upgradeOrConnect":false,"useChunkedEncodingByDefault":false,"writable":true},"socket":"[Circular]"},"secureConnecting":true,"servername":null,"ssl":{"_parent":{"onconnection":null,"reading":false},"_parentWrap":null,"_secureContext":{"context":{}},"reading":false},"timeout":5000}]},"totalSocketCount":2}}},"path":"/api/v3/time","pathname":"/api/v3/time","port":"","protocol":"https:"},"_redirectCount":0,"_redirects":[],"_requestBodyBuffers":[],"_requestBodyLength":0,"_writableState":{"bufferedIndex":0,"corked":0,"highWaterMark":16384,"length":0,"pendingcb":0,"writelen":0}},"stack":"Error: getaddrinfo ENOTFOUND api.binance.com\n    at AxiosError.from (C:\\Users\\lenovo\\Documents\\triangular-arbitrage-v1\\node_modules\\axios\\dist\\node\\axios.cjs:876:14)\n    at RedirectableRequest.handleRequestError (C:\\Users\\lenovo\\Documents\\triangular-arbitrage-v1\\node_modules\\axios\\dist\\node\\axios.cjs:3156:25)\n    at RedirectableRequest.emit (node:events:519:28)\n    at eventHandlers.<computed> (C:\\Users\\lenovo\\Documents\\triangular-arbitrage-v1\\node_modules\\follow-redirects\\index.js:49:24)\n    at ClientRequest.emit (node:events:519:28)\n    at emitErrorEvent (node:_http_client:108:11)\n    at TLSSocket.socketErrorListener (node:_http_client:511:5)\n    at TLSSocket.emit (node:events:519:28)\n    at emitErrorNT (node:internal/streams/destroy:169:8)\n    at emitErrorCloseNT (node:internal/streams/destroy:128:3)\n    at Axios.request (C:\\Users\\lenovo\\Documents\\triangular-arbitrage-v1\\node_modules\\axios\\dist\\node\\axios.cjs:4287:41)\n    at process.processTicksAndRejections (node:internal/process/task_queues:95:5)\n    at async getBinanceData (C:\\Users\\lenovo\\Documents\\triangular-arbitrage-v1\\generateTriangularRoutes.js:7:36)\n    at async Promise.all (index 0)\n    at async getExchangeData (C:\\Users\\lenovo\\Documents\\triangular-arbitrage-v1\\generateTriangularRoutes.js:77:42)\n    at async main (C:\\Users\\lenovo\\Documents\\triangular-arbitrage-v1\\generateTriangularRoutes.js:265:28)","syscall":"getaddrinfo"}
[31merror[39m: Error en Huobi:
